Log file open, 04/20/22 18:38:35
LogWindows: Failed to load 'aqProf.dll' (GetLastError=126)
LogWindows: File 'aqProf.dll' does not exist
LogWindows: Failed to load 'VtuneApi.dll' (GetLastError=126)
LogWindows: File 'VtuneApi.dll' does not exist
LogWindows: Failed to load 'VtuneApi32e.dll' (GetLastError=126)
LogWindows: File 'VtuneApi32e.dll' does not exist
LogConsoleResponse: Display: Failed to find resolution value strings in scalability ini. Falling back to default.
LogConsoleResponse: Display: Failed to find resolution value strings in scalability ini. Falling back to default.
LogInit: Display: Running engine for game: ASzczyrba_Shooter
LogPlatformFile: Not using cached read wrapper
LogTaskGraph: Started task graph with 5 named threads and 17 total threads with 3 sets of task threads.
LogStats: Stats thread started at 1.771465
LogICUInternationalization: ICU TimeZone Detection - Raw Offset: +1:00, Platform Override: ''
LogInit: Display: Loading text-based GConfig....
LogPluginManager: Mounting plugin MeshPainting
LogPluginManager: Mounting plugin XGEController
LogPluginManager: Mounting plugin AISupport
LogPluginManager: Mounting plugin Paper2D
LogPluginManager: Mounting plugin EnvironmentQueryEditor
LogPluginManager: Mounting plugin LiveLink
LogPluginManager: Mounting plugin LightPropagationVolume
LogPluginManager: Mounting plugin CameraShakePreviewer
LogPluginManager: Mounting plugin GameplayCameras
LogPluginManager: Mounting plugin OodleData
LogPluginManager: Mounting plugin OodleNetwork
LogPluginManager: Mounting plugin AssetManagerEditor
LogPluginManager: Mounting plugin CryptoKeys
LogPluginManager: Mounting plugin DataValidation
LogPluginManager: Mounting plugin FacialAnimation
LogPluginManager: Mounting plugin CurveEditorTools
LogPluginManager: Mounting plugin GameplayTagsEditor
LogPluginManager: Mounting plugin GeometryMode
LogPluginManager: Mounting plugin MacGraphicsSwitching
LogPluginManager: Mounting plugin MaterialAnalyzer
LogPluginManager: Mounting plugin MobileLauncherProfileWizard
LogPluginManager: Mounting plugin SpeedTreeImporter
LogPluginManager: Mounting plugin DatasmithContent
LogPluginManager: Mounting plugin Niagara
LogPluginManager: Mounting plugin VariantManagerContent
LogPluginManager: Mounting plugin AlembicImporter
LogPluginManager: Mounting plugin PluginBrowser
LogPluginManager: Mounting plugin BackChannel
LogPluginManager: Mounting plugin AutomationUtils
LogPluginManager: Mounting plugin ChaosCloth
LogPluginManager: Mounting plugin ChaosEditor
LogPluginManager: Mounting plugin ChaosClothEditor
LogPluginManager: Mounting plugin ChaosSolverPlugin
LogPluginManager: Mounting plugin ChaosNiagara
LogPluginManager: Mounting plugin CharacterAI
LogPluginManager: Mounting plugin GeometryCache
LogPluginManager: Mounting plugin GeometryCollectionPlugin
LogPluginManager: Mounting plugin GeometryProcessing
LogPluginManager: Mounting plugin OpenImageDenoise
LogPluginManager: Mounting plugin MotoSynth
LogPluginManager: Mounting plugin PlanarCut
LogPluginManager: Mounting plugin PlatformCrypto
LogPluginManager: Mounting plugin ProxyLODPlugin
LogPluginManager: Mounting plugin PythonScriptPlugin
LogPluginManager: Mounting plugin SkeletalReduction
LogPluginManager: Mounting plugin AnimationSharing
LogPluginManager: Mounting plugin CLionSourceCodeAccess
LogPluginManager: Mounting plugin CodeLiteSourceCodeAccess
LogPluginManager: Mounting plugin KDevelopSourceCodeAccess
LogPluginManager: Mounting plugin NullSourceCodeAccess
LogPluginManager: Mounting plugin PixWinPlugin
LogPluginManager: Mounting plugin GitSourceControl
LogPluginManager: Mounting plugin PlasticSourceControl
LogPluginManager: Mounting plugin PluginUtils
LogPluginManager: Mounting plugin PropertyAccessNode
LogPluginManager: Mounting plugin RiderSourceCodeAccess
LogPluginManager: Mounting plugin SubversionSourceControl
LogPluginManager: Mounting plugin PerforceSourceControl
LogPluginManager: Mounting plugin UObjectPlugin
LogPluginManager: Mounting plugin VisualStudioCodeSourceCodeAccess
LogPluginManager: Mounting plugin TextureFormatOodle
LogPluginManager: Mounting plugin XCodeSourceCodeAccess
LogPluginManager: Mounting plugin VisualStudioSourceCodeAccess
LogPluginManager: Mounting plugin MagicLeap
LogPluginManager: Mounting plugin LuminPlatformFeatures
LogPluginManager: Mounting plugin MagicLeapLightEstimation
LogPluginManager: Mounting plugin MagicLeapMedia
LogPluginManager: Mounting plugin MagicLeapPassableWorld
LogPluginManager: Mounting plugin MLSDK
LogPluginManager: Mounting plugin AndroidMedia
LogPluginManager: Mounting plugin AvfMedia
LogPluginManager: Mounting plugin ImgMedia
LogPluginManager: Mounting plugin MediaCompositing
LogPluginManager: Mounting plugin MediaPlayerEditor
LogPluginManager: Mounting plugin WmfMedia
LogPluginManager: Mounting plugin WebMMedia
LogPluginManager: Mounting plugin UdpMessaging
LogPluginManager: Mounting plugin TcpMessaging
LogPluginManager: Mounting plugin ActorSequence
LogPluginManager: Mounting plugin LevelSequenceEditor
LogPluginManager: Mounting plugin MatineeToLevelSequence
LogPluginManager: Mounting plugin TemplateSequence
LogPluginManager: Mounting plugin OnlineSubsystem
LogPluginManager: Mounting plugin OnlineSubsystemNull
LogPluginManager: Mounting plugin OnlineSubsystemUtils
LogPluginManager: Mounting plugin LauncherChunkInstaller
LogPluginManager: Mounting plugin ActorLayerUtilities
LogPluginManager: Mounting plugin AndroidDeviceProfileSelector
LogPluginManager: Mounting plugin AndroidMoviePlayer
LogPluginManager: Mounting plugin AndroidPermission
LogPluginManager: Mounting plugin AppleImageUtils
LogPluginManager: Mounting plugin AppleMoviePlayer
LogPluginManager: Mounting plugin ArchVisCharacter
LogPluginManager: Mounting plugin AssetTags
LogPluginManager: Mounting plugin AudioSynesthesia
LogPluginManager: Mounting plugin AudioCapture
LogPluginManager: Mounting plugin CableComponent
LogPluginManager: Mounting plugin CustomMeshComponent
LogPluginManager: Mounting plugin ChunkDownloader
LogPluginManager: Mounting plugin EditableMesh
LogPluginManager: Mounting plugin ExampleDeviceProfileSelector
LogPluginManager: Mounting plugin GoogleCloudMessaging
LogPluginManager: Mounting plugin GooglePAD
LogPluginManager: Mounting plugin IOSDeviceProfileSelector
LogPluginManager: Mounting plugin LinuxDeviceProfileSelector
LogPluginManager: Mounting plugin LocationServicesBPLibrary
LogPluginManager: Mounting plugin MobilePatchingUtils
LogPluginManager: Mounting plugin OpenXR
LogPluginManager: Mounting plugin OpenXRHandTracking
LogPluginManager: Mounting plugin OpenXREyeTracker
LogPluginManager: Mounting plugin PhysXVehicles
LogPluginManager: Mounting plugin PostSplashScreen
LogPluginManager: Mounting plugin ProceduralMeshComponent
LogPluginManager: Mounting plugin PropertyAccessEditor
LogPluginManager: Mounting plugin SignificanceManager
LogPluginManager: Mounting plugin RuntimePhysXCooking
LogPluginManager: Mounting plugin SoundFields
LogPluginManager: Mounting plugin Synthesis
LogPluginManager: Mounting plugin WebMMoviePlayer
LogPluginManager: Mounting plugin ScreenshotTools
LogPluginManager: Mounting plugin WindowsMoviePlayer
LogPluginManager: Mounting plugin Takes
LogPluginManager: Mounting plugin ContentBrowserAssetDataSource
LogPluginManager: Mounting plugin ContentBrowserClassDataSource
LogPluginManager: Mounting plugin ContentBrowserFileDataSource
LogPluginManager: Mounting plugin OnlineSubsystemGooglePlay
LogPluginManager: Mounting plugin OnlineSubsystemIOS
LogPluginManager: Mounting plugin OculusVR
LogPluginManager: Mounting plugin SteamVR
PixWinPlugin: PIX capture plugin failed to initialize! Check that the process is launched from PIX.
LogInit: Using libcurl 7.55.1-DEV
LogInit:  - built for x86_64-pc-win32
LogInit:  - supports SSL with OpenSSL/1.1.1
LogInit:  - supports HTTP deflate (compression) using libz 1.2.8
LogInit:  - other features:
LogInit:      CURL_VERSION_SSL
LogInit:      CURL_VERSION_LIBZ
LogInit:      CURL_VERSION_IPV6
LogInit:      CURL_VERSION_ASYNCHDNS
LogInit:      CURL_VERSION_LARGEFILE
LogInit:      CURL_VERSION_IDN
LogInit:  CurlRequestOptions (configurable via config and command line):
LogInit:  - bVerifyPeer = true  - Libcurl will verify peer certificate
LogInit:  - bUseHttpProxy = false  - Libcurl will NOT use HTTP proxy
LogInit:  - bDontReuseConnections = false  - Libcurl will reuse connections
LogInit:  - MaxHostConnections = 16  - Libcurl will limit the number of connections to a host
LogInit:  - LocalHostAddr = Default
LogInit:  - BufferSize = 65536
LogOnline: OSS: Creating online subsystem instance for: NULL
LogInit: WinSock: version 1.1 (2.2), MaxSocks=32767, MaxUdp=65467
LogOnline: OSS: TryLoadSubsystemAndSetDefault: Loaded subsystem for module [NULL]
LogOculusPluginWrapper: OculusPlugin initialized successfully
LogHMD: Failed initializing OVRPlugin 1.59.0
LogInit: Build: ++UE4+Release-4.27-CL-18319896
LogInit: Engine Version: 4.27.2-18319896+++UE4+Release-4.27
LogInit: Compatible Engine Version: 4.27.0-17155196+++UE4+Release-4.27
LogInit: Net CL: 17155196
LogInit: OS: Windows 10 (Release 2009) (), CPU: AMD FX(tm)-6300 Six-Core Processor             , GPU: AMD Radeon R9 200 Series
LogInit: Compiled (64-bit): Nov 30 2021 07:12:08
LogInit: Compiled with Visual C++: 19.24.28315.00
LogInit: Build Configuration: Development
LogInit: Branch Name: ++UE4+Release-4.27
LogInit: Command Line: 
LogInit: Base Directory: E:/programy/EpicGames/UE_4.27/Engine/Binaries/Win64/
LogInit: Allocator: TBB
LogInit: Installed Engine Build: 1
LogDevObjectVersion: Number of dev versions registered: 29
LogDevObjectVersion:   Dev-Blueprints (B0D832E4-1F89-4F0D-ACCF-7EB736FD4AA2): 10
LogDevObjectVersion:   Dev-Build (E1C64328-A22C-4D53-A36C-8E866417BD8C): 0
LogDevObjectVersion:   Dev-Core (375EC13C-06E4-48FB-B500-84F0262A717E): 4
LogDevObjectVersion:   Dev-Editor (E4B068ED-F494-42E9-A231-DA0B2E46BB41): 40
LogDevObjectVersion:   Dev-Framework (CFFC743F-43B0-4480-9391-14DF171D2073): 37
LogDevObjectVersion:   Dev-Mobile (B02B49B5-BB20-44E9-A304-32B752E40360): 3
LogDevObjectVersion:   Dev-Networking (A4E4105C-59A1-49B5-A7C5-40C4547EDFEE): 0
LogDevObjectVersion:   Dev-Online (39C831C9-5AE6-47DC-9A44-9C173E1C8E7C): 0
LogDevObjectVersion:   Dev-Physics (78F01B33-EBEA-4F98-B9B4-84EACCB95AA2): 14
LogDevObjectVersion:   Dev-Platform (6631380F-2D4D-43E0-8009-CF276956A95A): 0
LogDevObjectVersion:   Dev-Rendering (12F88B9F-8875-4AFC-A67C-D90C383ABD29): 45
LogDevObjectVersion:   Dev-Sequencer (7B5AE74C-D270-4C10-A958-57980B212A5A): 13
LogDevObjectVersion:   Dev-VR (D7296918-1DD6-4BDD-9DE2-64A83CC13884): 3
LogDevObjectVersion:   Dev-LoadTimes (C2A15278-BFE7-4AFE-6C17-90FF531DF755): 1
LogDevObjectVersion:   Private-Geometry (6EACA3D4-40EC-4CC1-B786-8BED09428FC5): 3
LogDevObjectVersion:   Dev-AnimPhys (29E575DD-E0A3-4627-9D10-D276232CDCEA): 17
LogDevObjectVersion:   Dev-Anim (AF43A65D-7FD3-4947-9873-3E8ED9C1BB05): 15
LogDevObjectVersion:   Dev-ReflectionCapture (6B266CEC-1EC7-4B8F-A30B-E4D90942FC07): 1
LogDevObjectVersion:   Dev-Automation (0DF73D61-A23F-47EA-B727-89E90C41499A): 1
LogDevObjectVersion:   FortniteMain (601D1886-AC64-4F84-AA16-D3DE0DEAC7D6): 47
LogDevObjectVersion:   FortniteRelease (E7086368-6B23-4C58-8439-1B7016265E91): 1
LogDevObjectVersion:   Dev-Enterprise (9DFFBCD6-494F-0158-E221-12823C92A888): 10
LogDevObjectVersion:   Dev-Niagara (F2AED0AC-9AFE-416F-8664-AA7FFA26D6FC): 1
LogDevObjectVersion:   Dev-Destruction (174F1F0B-B4C6-45A5-B13F-2EE8D0FB917D): 10
LogDevObjectVersion:   Dev-Physics-Ext (35F94A83-E258-406C-A318-09F59610247C): 41
LogDevObjectVersion:   Dev-PhysicsMaterial-Chaos (B68FC16E-8B1B-42E2-B453-215C058844FE): 1
LogDevObjectVersion:   Dev-CineCamera (B2E18506-4273-CFC2-A54E-F4BB758BBA07): 1
LogDevObjectVersion:   Dev-VirtualProduction (64F58936-FD1B-42BA-BA96-7289D5D0FA4E): 1
LogDevObjectVersion:   Dev-MediaFramework (6F0ED827-A609-4895-9C91-998D90180EA4): 2
LogInit: Presizing for max 25165824 objects, including 0 objects not considered by GC, pre-allocating 0 bytes for permanent pool.
LogConfig: Applying CVar settings from Section [/Script/Engine.StreamingSettings] File [D:/Unreal Projects/DownShooter/ASzczyrba_Shooter/Saved/Config/Windows/Engine.ini]
LogConfig: Setting CVar [[s.MinBulkDataSizeForAsyncLoading:131072]]
LogConfig: Setting CVar [[s.AsyncLoadingThreadEnabled:0]]
LogConfig: Setting CVar [[s.EventDrivenLoaderEnabled:1]]
LogConfig: Setting CVar [[s.WarnIfTimeLimitExceeded:0]]
LogConfig: Setting CVar [[s.TimeLimitExceededMultiplier:1.5]]
LogConfig: Setting CVar [[s.TimeLimitExceededMinTime:0.005]]
LogConfig: Setting CVar [[s.UseBackgroundLevelStreaming:1]]
LogConfig: Setting CVar [[s.PriorityAsyncLoadingExtraTime:15.0]]
LogConfig: Setting CVar [[s.LevelStreamingActorsUpdateTimeLimit:5.0]]
LogConfig: Setting CVar [[s.PriorityLevelStreamingActorsUpdateExtraTime:5.0]]
LogConfig: Setting CVar [[s.LevelStreamingComponentsRegistrationGranularity:10]]
LogConfig: Setting CVar [[s.UnregisterComponentsTimeLimit:1.0]]
LogConfig: Setting CVar [[s.LevelStreamingComponentsUnregistrationGranularity:5]]
LogConfig: Setting CVar [[s.FlushStreamingOnExit:1]]
LogInit: Object subsystem initialized
LogConfig: Setting CVar [[con.DebugEarlyDefault:1]]
LogConfig: Setting CVar [[r.setres:1280x720]]
[2022.04.20-16.38.37:170][  0]LogConfig: Setting CVar [[r.VSync:0]]
[2022.04.20-16.38.37:170][  0]LogConfig: Setting CVar [[r.RHICmdBypass:0]]
[2022.04.20-16.38.37:170][  0]LogConfig: Applying CVar settings from Section [/Script/Engine.RendererSettings] File [D:/Unreal Projects/DownShooter/ASzczyrba_Shooter/Saved/Config/Windows/Engine.ini]
[2022.04.20-16.38.37:170][  0]LogConfig: Setting CVar [[r.GPUCrashDebugging:0]]
[2022.04.20-16.38.37:170][  0]LogConfig: Applying CVar settings from Section [/Script/Engine.RendererOverrideSettings] File [D:/Unreal Projects/DownShooter/ASzczyrba_Shooter/Saved/Config/Windows/Engine.ini]
[2022.04.20-16.38.37:170][  0]LogConfig: Applying CVar settings from Section [/Script/Engine.StreamingSettings] File [D:/Unreal Projects/DownShooter/ASzczyrba_Shooter/Saved/Config/Windows/Engine.ini]
[2022.04.20-16.38.37:170][  0]LogConfig: Setting CVar [[s.MinBulkDataSizeForAsyncLoading:131072]]
[2022.04.20-16.38.37:170][  0]LogConfig: Setting CVar [[s.AsyncLoadingThreadEnabled:0]]
[2022.04.20-16.38.37:170][  0]LogConfig: Setting CVar [[s.EventDrivenLoaderEnabled:1]]
[2022.04.20-16.38.37:170][  0]LogConfig: Setting CVar [[s.WarnIfTimeLimitExceeded:0]]
[2022.04.20-16.38.37:170][  0]LogConfig: Setting CVar [[s.TimeLimitExceededMultiplier:1.5]]
[2022.04.20-16.38.37:170][  0]LogConfig: Setting CVar [[s.TimeLimitExceededMinTime:0.005]]
[2022.04.20-16.38.37:170][  0]LogConfig: Setting CVar [[s.UseBackgroundLevelStreaming:1]]
[2022.04.20-16.38.37:170][  0]LogConfig: Setting CVar [[s.PriorityAsyncLoadingExtraTime:15.0]]
[2022.04.20-16.38.37:170][  0]LogConfig: Setting CVar [[s.LevelStreamingActorsUpdateTimeLimit:5.0]]
[2022.04.20-16.38.37:170][  0]LogConfig: Setting CVar [[s.PriorityLevelStreamingActorsUpdateExtraTime:5.0]]
[2022.04.20-16.38.37:170][  0]LogConfig: Setting CVar [[s.LevelStreamingComponentsRegistrationGranularity:10]]
[2022.04.20-16.38.37:170][  0]LogConfig: Setting CVar [[s.UnregisterComponentsTimeLimit:1.0]]
[2022.04.20-16.38.37:170][  0]LogConfig: Setting CVar [[s.LevelStreamingComponentsUnregistrationGranularity:5]]
[2022.04.20-16.38.37:170][  0]LogConfig: Setting CVar [[s.FlushStreamingOnExit:1]]
[2022.04.20-16.38.37:170][  0]LogConfig: Applying CVar settings from Section [/Script/Engine.GarbageCollectionSettings] File [D:/Unreal Projects/DownShooter/ASzczyrba_Shooter/Saved/Config/Windows/Engine.ini]
[2022.04.20-16.38.37:170][  0]LogConfig: Setting CVar [[gc.MaxObjectsNotConsideredByGC:1]]
[2022.04.20-16.38.37:170][  0]LogConfig: Setting CVar [[gc.SizeOfPermanentObjectPool:0]]
[2022.04.20-16.38.37:170][  0]LogConfig: Setting CVar [[gc.FlushStreamingOnGC:0]]
[2022.04.20-16.38.37:170][  0]LogConfig: Setting CVar [[gc.NumRetriesBeforeForcingGC:10]]
[2022.04.20-16.38.37:171][  0]LogConfig: Setting CVar [[gc.AllowParallelGC:1]]
[2022.04.20-16.38.37:171][  0]LogConfig: Setting CVar [[gc.TimeBetweenPurgingPendingKillObjects:61.1]]
[2022.04.20-16.38.37:171][  0]LogConfig: Setting CVar [[gc.MaxObjectsInEditor:25165824]]
[2022.04.20-16.38.37:171][  0]LogConfig: Setting CVar [[gc.IncrementalBeginDestroyEnabled:1]]
[2022.04.20-16.38.37:171][  0]LogConfig: Setting CVar [[gc.CreateGCClusters:1]]
[2022.04.20-16.38.37:171][  0]LogConfig: Setting CVar [[gc.MinGCClusterSize:5]]
[2022.04.20-16.38.37:171][  0]LogConfig: Setting CVar [[gc.ActorClusteringEnabled:0]]
[2022.04.20-16.38.37:171][  0]LogConfig: Setting CVar [[gc.BlueprintClusteringEnabled:0]]
[2022.04.20-16.38.37:171][  0]LogConfig: Setting CVar [[gc.UseDisregardForGCOnDedicatedServers:0]]
[2022.04.20-16.38.37:171][  0]LogConfig: Setting CVar [[gc.MultithreadedDestructionEnabled:1]]
[2022.04.20-16.38.37:171][  0]LogConfig: Applying CVar settings from Section [/Script/Engine.NetworkSettings] File [D:/Unreal Projects/DownShooter/ASzczyrba_Shooter/Saved/Config/Windows/Engine.ini]
[2022.04.20-16.38.37:171][  0]LogConfig: Applying CVar settings from Section [/Script/UnrealEd.CookerSettings] File [D:/Unreal Projects/DownShooter/ASzczyrba_Shooter/Saved/Config/Windows/Engine.ini]
[2022.04.20-16.38.37:215][  0]LogConfig: Applying CVar settings from Section [ViewDistanceQuality@3] File [D:/Unreal Projects/DownShooter/ASzczyrba_Shooter/Saved/Config/Windows/Scalability.ini]
[2022.04.20-16.38.37:216][  0]LogConfig: Setting CVar [[r.SkeletalMeshLODBias:0]]
[2022.04.20-16.38.37:216][  0]LogConfig: Setting CVar [[r.ViewDistanceScale:1.0]]
[2022.04.20-16.38.37:216][  0]LogConfig: Applying CVar settings from Section [AntiAliasingQuality@3] File [D:/Unreal Projects/DownShooter/ASzczyrba_Shooter/Saved/Config/Windows/Scalability.ini]
[2022.04.20-16.38.37:216][  0]LogConfig: Setting CVar [[r.PostProcessAAQuality:4]]
[2022.04.20-16.38.37:216][  0]LogConfig: Applying CVar settings from Section [ShadowQuality@3] File [D:/Unreal Projects/DownShooter/ASzczyrba_Shooter/Saved/Config/Windows/Scalability.ini]
[2022.04.20-16.38.37:216][  0]LogConfig: Setting CVar [[r.LightFunctionQuality:1]]
[2022.04.20-16.38.37:216][  0]LogConfig: Setting CVar [[r.ShadowQuality:5]]
[2022.04.20-16.38.37:216][  0]LogConfig: Setting CVar [[r.Shadow.CSM.MaxCascades:10]]
[2022.04.20-16.38.37:216][  0]LogConfig: Setting CVar [[r.Shadow.MaxResolution:2048]]
[2022.04.20-16.38.37:216][  0]LogConfig: Setting CVar [[r.Shadow.MaxCSMResolution:2048]]
[2022.04.20-16.38.37:216][  0]LogConfig: Setting CVar [[r.Shadow.RadiusThreshold:0.01]]
[2022.04.20-16.38.37:216][  0]LogConfig: Setting CVar [[r.Shadow.DistanceScale:1.0]]
[2022.04.20-16.38.37:216][  0]LogConfig: Setting CVar [[r.Shadow.CSM.TransitionScale:1.0]]
[2022.04.20-16.38.37:216][  0]LogConfig: Setting CVar [[r.Shadow.PreShadowResolutionFactor:1.0]]
[2022.04.20-16.38.37:216][  0]LogConfig: Setting CVar [[r.DistanceFieldShadowing:1]]
[2022.04.20-16.38.37:216][  0]LogConfig: Setting CVar [[r.DistanceFieldAO:1]]
[2022.04.20-16.38.37:216][  0]LogConfig: Setting CVar [[r.AOQuality:2]]
[2022.04.20-16.38.37:216][  0]LogConfig: Setting CVar [[r.VolumetricFog:1]]
[2022.04.20-16.38.37:216][  0]LogConfig: Setting CVar [[r.VolumetricFog.GridPixelSize:8]]
[2022.04.20-16.38.37:216][  0]LogConfig: Setting CVar [[r.VolumetricFog.GridSizeZ:128]]
[2022.04.20-16.38.37:216][  0]LogConfig: Setting CVar [[r.VolumetricFog.HistoryMissSupersampleCount:4]]
[2022.04.20-16.38.37:216][  0]LogConfig: Setting CVar [[r.LightMaxDrawDistanceScale:1]]
[2022.04.20-16.38.37:216][  0]LogConfig: Setting CVar [[r.CapsuleShadows:1]]
[2022.04.20-16.38.37:216][  0]LogConfig: Applying CVar settings from Section [PostProcessQuality@3] File [D:/Unreal Projects/DownShooter/ASzczyrba_Shooter/Saved/Config/Windows/Scalability.ini]
[2022.04.20-16.38.37:216][  0]LogConfig: Setting CVar [[r.MotionBlurQuality:4]]
[2022.04.20-16.38.37:216][  0]LogConfig: Setting CVar [[r.AmbientOcclusionMipLevelFactor:0.4]]
[2022.04.20-16.38.37:217][  0]LogConfig: Setting CVar [[r.AmbientOcclusionMaxQuality:100]]
[2022.04.20-16.38.37:217][  0]LogConfig: Setting CVar [[r.AmbientOcclusionLevels:-1]]
[2022.04.20-16.38.37:217][  0]LogConfig: Setting CVar [[r.AmbientOcclusionRadiusScale:1.0]]
[2022.04.20-16.38.37:217][  0]LogConfig: Setting CVar [[r.DepthOfFieldQuality:2]]
[2022.04.20-16.38.37:217][  0]LogConfig: Setting CVar [[r.RenderTargetPoolMin:400]]
[2022.04.20-16.38.37:217][  0]LogConfig: Setting CVar [[r.LensFlareQuality:2]]
[2022.04.20-16.38.37:217][  0]LogConfig: Setting CVar [[r.SceneColorFringeQuality:1]]
[2022.04.20-16.38.37:217][  0]LogConfig: Setting CVar [[r.EyeAdaptationQuality:2]]
[2022.04.20-16.38.37:217][  0]LogConfig: Setting CVar [[r.BloomQuality:5]]
[2022.04.20-16.38.37:217][  0]LogConfig: Setting CVar [[r.FastBlurThreshold:100]]
[2022.04.20-16.38.37:217][  0]LogConfig: Setting CVar [[r.Upscale.Quality:3]]
[2022.04.20-16.38.37:217][  0]LogConfig: Setting CVar [[r.Tonemapper.GrainQuantization:1]]
[2022.04.20-16.38.37:217][  0]LogConfig: Setting CVar [[r.LightShaftQuality:1]]
[2022.04.20-16.38.37:217][  0]LogConfig: Setting CVar [[r.Filter.SizeScale:1]]
[2022.04.20-16.38.37:217][  0]LogConfig: Setting CVar [[r.Tonemapper.Quality:5]]
[2022.04.20-16.38.37:217][  0]LogConfig: Setting CVar [[r.DOF.Gather.AccumulatorQuality:1        ; higher gathering accumulator quality]]
[2022.04.20-16.38.37:217][  0]LogConfig: Setting CVar [[r.DOF.Gather.PostfilterMethod:1          ; Median3x3 postfilering method]]
[2022.04.20-16.38.37:217][  0]LogConfig: Setting CVar [[r.DOF.Gather.EnableBokehSettings:0       ; no bokeh simulation when gathering]]
[2022.04.20-16.38.37:217][  0]LogConfig: Setting CVar [[r.DOF.Gather.RingCount:4                 ; medium number of samples when gathering]]
[2022.04.20-16.38.37:217][  0]LogConfig: Setting CVar [[r.DOF.Scatter.ForegroundCompositing:1    ; additive foreground scattering]]
[2022.04.20-16.38.37:217][  0]LogConfig: Setting CVar [[r.DOF.Scatter.BackgroundCompositing:2    ; additive background scattering]]
[2022.04.20-16.38.37:217][  0]LogConfig: Setting CVar [[r.DOF.Scatter.EnableBokehSettings:1      ; bokeh simulation when scattering]]
[2022.04.20-16.38.37:217][  0]LogConfig: Setting CVar [[r.DOF.Scatter.MaxSpriteRatio:0.1         ; only a maximum of 10% of scattered bokeh]]
[2022.04.20-16.38.37:217][  0]LogConfig: Setting CVar [[r.DOF.Recombine.Quality:1                ; cheap slight out of focus]]
[2022.04.20-16.38.37:217][  0]LogConfig: Setting CVar [[r.DOF.Recombine.EnableBokehSettings:0    ; no bokeh simulation on slight out of focus]]
[2022.04.20-16.38.37:217][  0]LogConfig: Setting CVar [[r.DOF.TemporalAAQuality:1                ; more stable temporal accumulation]]
[2022.04.20-16.38.37:218][  0]LogConfig: Setting CVar [[r.DOF.Kernel.MaxForegroundRadius:0.025]]
[2022.04.20-16.38.37:218][  0]LogConfig: Setting CVar [[r.DOF.Kernel.MaxBackgroundRadius:0.025]]
[2022.04.20-16.38.37:218][  0]LogConfig: Applying CVar settings from Section [TextureQuality@3] File [D:/Unreal Projects/DownShooter/ASzczyrba_Shooter/Saved/Config/Windows/Scalability.ini]
[2022.04.20-16.38.37:218][  0]LogConfig: Setting CVar [[r.Streaming.MipBias:0]]
[2022.04.20-16.38.37:218][  0]LogConfig: Setting CVar [[r.Streaming.AmortizeCPUToGPUCopy:0]]
[2022.04.20-16.38.37:218][  0]LogConfig: Setting CVar [[r.Streaming.MaxNumTexturesToStreamPerFrame:0]]
[2022.04.20-16.38.37:218][  0]LogConfig: Setting CVar [[r.Streaming.Boost:1]]
[2022.04.20-16.38.37:218][  0]LogConfig: Setting CVar [[r.MaxAnisotropy:8]]
[2022.04.20-16.38.37:218][  0]LogConfig: Setting CVar [[r.VT.MaxAnisotropy:8]]
[2022.04.20-16.38.37:218][  0]LogConfig: Setting CVar [[r.Streaming.LimitPoolSizeToVRAM:0]]
[2022.04.20-16.38.37:218][  0]LogConfig: Setting CVar [[r.Streaming.PoolSize:1000]]
[2022.04.20-16.38.37:218][  0]LogConfig: Setting CVar [[r.Streaming.MaxEffectiveScreenSize:0]]
[2022.04.20-16.38.37:218][  0]LogConfig: Applying CVar settings from Section [EffectsQuality@3] File [D:/Unreal Projects/DownShooter/ASzczyrba_Shooter/Saved/Config/Windows/Scalability.ini]
[2022.04.20-16.38.37:218][  0]LogConfig: Setting CVar [[r.TranslucencyLightingVolumeDim:64]]
[2022.04.20-16.38.37:218][  0]LogConfig: Setting CVar [[r.RefractionQuality:2]]
[2022.04.20-16.38.37:218][  0]LogConfig: Setting CVar [[r.SSR.Quality:3]]
[2022.04.20-16.38.37:218][  0]LogConfig: Setting CVar [[r.SSR.HalfResSceneColor:0]]
[2022.04.20-16.38.37:218][  0]LogConfig: Setting CVar [[r.SceneColorFormat:4]]
[2022.04.20-16.38.37:218][  0]LogConfig: Setting CVar [[r.DetailMode:2]]
[2022.04.20-16.38.37:218][  0]LogConfig: Setting CVar [[r.TranslucencyVolumeBlur:1]]
[2022.04.20-16.38.37:218][  0]LogConfig: Setting CVar [[r.MaterialQualityLevel:1 ; High quality]]
[2022.04.20-16.38.37:218][  0]LogConfig: Setting CVar [[r.AnisotropicMaterials:1]]
[2022.04.20-16.38.37:218][  0]LogConfig: Setting CVar [[r.SSS.Scale:1]]
[2022.04.20-16.38.37:218][  0]LogConfig: Setting CVar [[r.SSS.SampleSet:2]]
[2022.04.20-16.38.37:218][  0]LogConfig: Setting CVar [[r.SSS.Quality:1]]
[2022.04.20-16.38.37:218][  0]LogConfig: Setting CVar [[r.SSS.HalfRes:0]]
[2022.04.20-16.38.37:218][  0]LogConfig: Setting CVar [[r.SSGI.Quality:3]]
[2022.04.20-16.38.37:218][  0]LogConfig: Setting CVar [[r.EmitterSpawnRateScale:1.0]]
[2022.04.20-16.38.37:218][  0]LogConfig: Setting CVar [[r.ParticleLightQuality:2]]
[2022.04.20-16.38.37:218][  0]LogConfig: Setting CVar [[r.SkyAtmosphere.AerialPerspectiveLUT.FastApplyOnOpaque:1 ; Always have FastSkyLUT 1 in this case to avoid wrong sky]]
[2022.04.20-16.38.37:219][  0]LogConfig: Setting CVar [[r.SkyAtmosphere.AerialPerspectiveLUT.SampleCountMaxPerSlice:4]]
[2022.04.20-16.38.37:219][  0]LogConfig: Setting CVar [[r.SkyAtmosphere.AerialPerspectiveLUT.DepthResolution:16.0]]
[2022.04.20-16.38.37:219][  0]LogConfig: Setting CVar [[r.SkyAtmosphere.FastSkyLUT:1]]
[2022.04.20-16.38.37:219][  0]LogConfig: Setting CVar [[r.SkyAtmosphere.FastSkyLUT.SampleCountMin:4.0]]
[2022.04.20-16.38.37:219][  0]LogConfig: Setting CVar [[r.SkyAtmosphere.FastSkyLUT.SampleCountMax:128.0]]
[2022.04.20-16.38.37:219][  0]LogConfig: Setting CVar [[r.SkyAtmosphere.SampleCountMin:4.0]]
[2022.04.20-16.38.37:219][  0]LogConfig: Setting CVar [[r.SkyAtmosphere.SampleCountMax:128.0]]
[2022.04.20-16.38.37:219][  0]LogConfig: Setting CVar [[r.SkyAtmosphere.TransmittanceLUT.UseSmallFormat:0]]
[2022.04.20-16.38.37:219][  0]LogConfig: Setting CVar [[r.SkyAtmosphere.TransmittanceLUT.SampleCount:10.0]]
[2022.04.20-16.38.37:219][  0]LogConfig: Setting CVar [[r.SkyAtmosphere.MultiScatteringLUT.SampleCount:15.0]]
[2022.04.20-16.38.37:219][  0]LogConfig: Setting CVar [[r.SkyLight.RealTimeReflectionCapture:1]]
[2022.04.20-16.38.37:219][  0]LogConfig: Applying CVar settings from Section [FoliageQuality@3] File [D:/Unreal Projects/DownShooter/ASzczyrba_Shooter/Saved/Config/Windows/Scalability.ini]
[2022.04.20-16.38.37:219][  0]LogConfig: Setting CVar [[foliage.DensityScale:1.0]]
[2022.04.20-16.38.37:219][  0]LogConfig: Setting CVar [[grass.DensityScale:1.0]]
[2022.04.20-16.38.37:219][  0]LogConfig: Applying CVar settings from Section [ShadingQuality@3] File [D:/Unreal Projects/DownShooter/ASzczyrba_Shooter/Saved/Config/Windows/Scalability.ini]
[2022.04.20-16.38.37:219][  0]LogConfig: Setting CVar [[r.HairStrands.SkyLighting.IntegrationType:2]]
[2022.04.20-16.38.37:219][  0]LogConfig: Setting CVar [[r.HairStrands.SkyAO.SampleCount:4]]
[2022.04.20-16.38.37:219][  0]LogConfig: Setting CVar [[r.HairStrands.Visibility.MSAA.SamplePerPixel:4]]
[2022.04.20-16.38.37:220][  0]LogInit: Selected Device Profile: [Windows]
[2022.04.20-16.38.37:220][  0]LogInit: Applying CVar settings loaded from the selected device profile: [Windows]
[2022.04.20-16.38.37:220][  0]LogHAL: Display: Platform has ~ 16 GB [17074491392 / 17179869184 / 16], which maps to Larger [LargestMinGB=32, LargerMinGB=12, DefaultMinGB=8, SmallerMinGB=6, SmallestMinGB=0)
[2022.04.20-16.38.37:220][  0]LogInit: Going up to parent DeviceProfile []
[2022.04.20-16.38.37:220][  0]LogConfig: Applying CVar settings from Section [ViewDistanceQuality@3] File [D:/Unreal Projects/DownShooter/ASzczyrba_Shooter/Saved/Config/Windows/Scalability.ini]
[2022.04.20-16.38.37:220][  0]LogConfig: Setting CVar [[r.SkeletalMeshLODBias:0]]
[2022.04.20-16.38.37:220][  0]LogConfig: Setting CVar [[r.ViewDistanceScale:1.0]]
[2022.04.20-16.38.37:220][  0]LogConfig: Applying CVar settings from Section [AntiAliasingQuality@3] File [D:/Unreal Projects/DownShooter/ASzczyrba_Shooter/Saved/Config/Windows/Scalability.ini]
[2022.04.20-16.38.37:220][  0]LogConfig: Setting CVar [[r.PostProcessAAQuality:4]]
[2022.04.20-16.38.37:220][  0]LogConfig: Applying CVar settings from Section [ShadowQuality@3] File [D:/Unreal Projects/DownShooter/ASzczyrba_Shooter/Saved/Config/Windows/Scalability.ini]
[2022.04.20-16.38.37:220][  0]LogConfig: Setting CVar [[r.LightFunctionQuality:1]]
[2022.04.20-16.38.37:220][  0]LogConfig: Setting CVar [[r.ShadowQuality:5]]
[2022.04.20-16.38.37:220][  0]LogConfig: Setting CVar [[r.Shadow.CSM.MaxCascades:10]]
[2022.04.20-16.38.37:220][  0]LogConfig: Setting CVar [[r.Shadow.MaxResolution:2048]]
[2022.04.20-16.38.37:220][  0]LogConfig: Setting CVar [[r.Shadow.MaxCSMResolution:2048]]
[2022.04.20-16.38.37:220][  0]LogConfig: Setting CVar [[r.Shadow.RadiusThreshold:0.01]]
[2022.04.20-16.38.37:220][  0]LogConfig: Setting CVar [[r.Shadow.DistanceScale:1.0]]
[2022.04.20-16.38.37:220][  0]LogConfig: Setting CVar [[r.Shadow.CSM.TransitionScale:1.0]]
[2022.04.20-16.38.37:220][  0]LogConfig: Setting CVar [[r.Shadow.PreShadowResolutionFactor:1.0]]
[2022.04.20-16.38.37:220][  0]LogConfig: Setting CVar [[r.DistanceFieldShadowing:1]]
[2022.04.20-16.38.37:220][  0]LogConfig: Setting CVar [[r.DistanceFieldAO:1]]
[2022.04.20-16.38.37:220][  0]LogConfig: Setting CVar [[r.AOQuality:2]]
[2022.04.20-16.38.37:220][  0]LogConfig: Setting CVar [[r.VolumetricFog:1]]
[2022.04.20-16.38.37:220][  0]LogConfig: Setting CVar [[r.VolumetricFog.GridPixelSize:8]]
[2022.04.20-16.38.37:220][  0]LogConfig: Setting CVar [[r.VolumetricFog.GridSizeZ:128]]
[2022.04.20-16.38.37:220][  0]LogConfig: Setting CVar [[r.VolumetricFog.HistoryMissSupersampleCount:4]]
[2022.04.20-16.38.37:221][  0]LogConfig: Setting CVar [[r.LightMaxDrawDistanceScale:1]]
[2022.04.20-16.38.37:221][  0]LogConfig: Setting CVar [[r.CapsuleShadows:1]]
[2022.04.20-16.38.37:221][  0]LogConfig: Applying CVar settings from Section [PostProcessQuality@3] File [D:/Unreal Projects/DownShooter/ASzczyrba_Shooter/Saved/Config/Windows/Scalability.ini]
[2022.04.20-16.38.37:221][  0]LogConfig: Setting CVar [[r.MotionBlurQuality:4]]
[2022.04.20-16.38.37:221][  0]LogConfig: Setting CVar [[r.AmbientOcclusionMipLevelFactor:0.4]]
[2022.04.20-16.38.37:221][  0]LogConfig: Setting CVar [[r.AmbientOcclusionMaxQuality:100]]
[2022.04.20-16.38.37:221][  0]LogConfig: Setting CVar [[r.AmbientOcclusionLevels:-1]]
[2022.04.20-16.38.37:221][  0]LogConfig: Setting CVar [[r.AmbientOcclusionRadiusScale:1.0]]
[2022.04.20-16.38.37:221][  0]LogConfig: Setting CVar [[r.DepthOfFieldQuality:2]]
[2022.04.20-16.38.37:221][  0]LogConfig: Setting CVar [[r.RenderTargetPoolMin:400]]
[2022.04.20-16.38.37:221][  0]LogConfig: Setting CVar [[r.LensFlareQuality:2]]
[2022.04.20-16.38.37:221][  0]LogConfig: Setting CVar [[r.SceneColorFringeQuality:1]]
[2022.04.20-16.38.37:221][  0]LogConfig: Setting CVar [[r.EyeAdaptationQuality:2]]
[2022.04.20-16.38.37:221][  0]LogConfig: Setting CVar [[r.BloomQuality:5]]
[2022.04.20-16.38.37:221][  0]LogConfig: Setting CVar [[r.FastBlurThreshold:100]]
[2022.04.20-16.38.37:221][  0]LogConfig: Setting CVar [[r.Upscale.Quality:3]]
[2022.04.20-16.38.37:221][  0]LogConfig: Setting CVar [[r.Tonemapper.GrainQuantization:1]]
[2022.04.20-16.38.37:221][  0]LogConfig: Setting CVar [[r.LightShaftQuality:1]]
[2022.04.20-16.38.37:221][  0]LogConfig: Setting CVar [[r.Filter.SizeScale:1]]
[2022.04.20-16.38.37:221][  0]LogConfig: Setting CVar [[r.Tonemapper.Quality:5]]
[2022.04.20-16.38.37:221][  0]LogConfig: Setting CVar [[r.DOF.Gather.AccumulatorQuality:1        ; higher gathering accumulator quality]]
[2022.04.20-16.38.37:221][  0]LogConfig: Setting CVar [[r.DOF.Gather.PostfilterMethod:1          ; Median3x3 postfilering method]]
[2022.04.20-16.38.37:221][  0]LogConfig: Setting CVar [[r.DOF.Gather.EnableBokehSettings:0       ; no bokeh simulation when gathering]]
[2022.04.20-16.38.37:221][  0]LogConfig: Setting CVar [[r.DOF.Gather.RingCount:4                 ; medium number of samples when gathering]]
[2022.04.20-16.38.37:221][  0]LogConfig: Setting CVar [[r.DOF.Scatter.ForegroundCompositing:1    ; additive foreground scattering]]
[2022.04.20-16.38.37:221][  0]LogConfig: Setting CVar [[r.DOF.Scatter.BackgroundCompositing:2    ; additive background scattering]]
[2022.04.20-16.38.37:221][  0]LogConfig: Setting CVar [[r.DOF.Scatter.EnableBokehSettings:1      ; bokeh simulation when scattering]]
[2022.04.20-16.38.37:221][  0]LogConfig: Setting CVar [[r.DOF.Scatter.MaxSpriteRatio:0.1         ; only a maximum of 10% of scattered bokeh]]
[2022.04.20-16.38.37:221][  0]LogConfig: Setting CVar [[r.DOF.Recombine.Quality:1                ; cheap slight out of focus]]
[2022.04.20-16.38.37:221][  0]LogConfig: Setting CVar [[r.DOF.Recombine.EnableBokehSettings:0    ; no bokeh simulation on slight out of focus]]
[2022.04.20-16.38.37:221][  0]LogConfig: Setting CVar [[r.DOF.TemporalAAQuality:1                ; more stable temporal accumulation]]
[2022.04.20-16.38.37:221][  0]LogConfig: Setting CVar [[r.DOF.Kernel.MaxForegroundRadius:0.025]]
[2022.04.20-16.38.37:221][  0]LogConfig: Setting CVar [[r.DOF.Kernel.MaxBackgroundRadius:0.025]]
[2022.04.20-16.38.37:222][  0]LogConfig: Applying CVar settings from Section [TextureQuality@3] File [D:/Unreal Projects/DownShooter/ASzczyrba_Shooter/Saved/Config/Windows/Scalability.ini]
[2022.04.20-16.38.37:222][  0]LogConfig: Setting CVar [[r.Streaming.MipBias:0]]
[2022.04.20-16.38.37:222][  0]LogConfig: Setting CVar [[r.Streaming.AmortizeCPUToGPUCopy:0]]
[2022.04.20-16.38.37:222][  0]LogConfig: Setting CVar [[r.Streaming.MaxNumTexturesToStreamPerFrame:0]]
[2022.04.20-16.38.37:222][  0]LogConfig: Setting CVar [[r.Streaming.Boost:1]]
[2022.04.20-16.38.37:222][  0]LogConfig: Setting CVar [[r.MaxAnisotropy:8]]
[2022.04.20-16.38.37:222][  0]LogConfig: Setting CVar [[r.VT.MaxAnisotropy:8]]
[2022.04.20-16.38.37:222][  0]LogConfig: Setting CVar [[r.Streaming.LimitPoolSizeToVRAM:0]]
[2022.04.20-16.38.37:222][  0]LogConfig: Setting CVar [[r.Streaming.PoolSize:1000]]
[2022.04.20-16.38.37:222][  0]LogConfig: Setting CVar [[r.Streaming.MaxEffectiveScreenSize:0]]
[2022.04.20-16.38.37:222][  0]LogConfig: Applying CVar settings from Section [EffectsQuality@3] File [D:/Unreal Projects/DownShooter/ASzczyrba_Shooter/Saved/Config/Windows/Scalability.ini]
[2022.04.20-16.38.37:222][  0]LogConfig: Setting CVar [[r.TranslucencyLightingVolumeDim:64]]
[2022.04.20-16.38.37:222][  0]LogConfig: Setting CVar [[r.RefractionQuality:2]]
[2022.04.20-16.38.37:222][  0]LogConfig: Setting CVar [[r.SSR.Quality:3]]
[2022.04.20-16.38.37:222][  0]LogConfig: Setting CVar [[r.SSR.HalfResSceneColor:0]]
[2022.04.20-16.38.37:222][  0]LogConfig: Setting CVar [[r.SceneColorFormat:4]]
[2022.04.20-16.38.37:222][  0]LogConfig: Setting CVar [[r.DetailMode:2]]
[2022.04.20-16.38.37:222][  0]LogConfig: Setting CVar [[r.TranslucencyVolumeBlur:1]]
[2022.04.20-16.38.37:222][  0]LogConfig: Setting CVar [[r.MaterialQualityLevel:1 ; High quality]]
[2022.04.20-16.38.37:222][  0]LogConfig: Setting CVar [[r.AnisotropicMaterials:1]]
[2022.04.20-16.38.37:222][  0]LogConfig: Setting CVar [[r.SSS.Scale:1]]
[2022.04.20-16.38.37:222][  0]LogConfig: Setting CVar [[r.SSS.SampleSet:2]]
[2022.04.20-16.38.37:222][  0]LogConfig: Setting CVar [[r.SSS.Quality:1]]
[2022.04.20-16.38.37:222][  0]LogConfig: Setting CVar [[r.SSS.HalfRes:0]]
[2022.04.20-16.38.37:222][  0]LogConfig: Setting CVar [[r.SSGI.Quality:3]]
[2022.04.20-16.38.37:222][  0]LogConfig: Setting CVar [[r.EmitterSpawnRateScale:1.0]]
[2022.04.20-16.38.37:222][  0]LogConfig: Setting CVar [[r.ParticleLightQuality:2]]
[2022.04.20-16.38.37:222][  0]LogConfig: Setting CVar [[r.SkyAtmosphere.AerialPerspectiveLUT.FastApplyOnOpaque:1 ; Always have FastSkyLUT 1 in this case to avoid wrong sky]]
[2022.04.20-16.38.37:222][  0]LogConfig: Setting CVar [[r.SkyAtmosphere.AerialPerspectiveLUT.SampleCountMaxPerSlice:4]]
[2022.04.20-16.38.37:222][  0]LogConfig: Setting CVar [[r.SkyAtmosphere.AerialPerspectiveLUT.DepthResolution:16.0]]
[2022.04.20-16.38.37:222][  0]LogConfig: Setting CVar [[r.SkyAtmosphere.FastSkyLUT:1]]
[2022.04.20-16.38.37:222][  0]LogConfig: Setting CVar [[r.SkyAtmosphere.FastSkyLUT.SampleCountMin:4.0]]
[2022.04.20-16.38.37:222][  0]LogConfig: Setting CVar [[r.SkyAtmosphere.FastSkyLUT.SampleCountMax:128.0]]
[2022.04.20-16.38.37:222][  0]LogConfig: Setting CVar [[r.SkyAtmosphere.SampleCountMin:4.0]]
[2022.04.20-16.38.37:223][  0]LogConfig: Setting CVar [[r.SkyAtmosphere.SampleCountMax:128.0]]
[2022.04.20-16.38.37:223][  0]LogConfig: Setting CVar [[r.SkyAtmosphere.TransmittanceLUT.UseSmallFormat:0]]
[2022.04.20-16.38.37:223][  0]LogConfig: Setting CVar [[r.SkyAtmosphere.TransmittanceLUT.SampleCount:10.0]]
[2022.04.20-16.38.37:223][  0]LogConfig: Setting CVar [[r.SkyAtmosphere.MultiScatteringLUT.SampleCount:15.0]]
[2022.04.20-16.38.37:223][  0]LogConfig: Setting CVar [[r.SkyLight.RealTimeReflectionCapture:1]]
[2022.04.20-16.38.37:223][  0]LogConfig: Applying CVar settings from Section [FoliageQuality@3] File [D:/Unreal Projects/DownShooter/ASzczyrba_Shooter/Saved/Config/Windows/Scalability.ini]
[2022.04.20-16.38.37:223][  0]LogConfig: Setting CVar [[foliage.DensityScale:1.0]]
[2022.04.20-16.38.37:223][  0]LogConfig: Setting CVar [[grass.DensityScale:1.0]]
[2022.04.20-16.38.37:223][  0]LogConfig: Applying CVar settings from Section [ShadingQuality@3] File [D:/Unreal Projects/DownShooter/ASzczyrba_Shooter/Saved/Config/Windows/Scalability.ini]
[2022.04.20-16.38.37:223][  0]LogConfig: Setting CVar [[r.HairStrands.SkyLighting.IntegrationType:2]]
[2022.04.20-16.38.37:223][  0]LogConfig: Setting CVar [[r.HairStrands.SkyAO.SampleCount:4]]
[2022.04.20-16.38.37:223][  0]LogConfig: Setting CVar [[r.HairStrands.Visibility.MSAA.SamplePerPixel:4]]
[2022.04.20-16.38.37:223][  0]LogConfig: Applying CVar settings from Section [Startup] File [../../../Engine/Config/ConsoleVariables.ini]
[2022.04.20-16.38.37:223][  0]LogConfig: Setting CVar [[net.UseAdaptiveNetUpdateFrequency:0]]
[2022.04.20-16.38.37:224][  0]LogConfig: Setting CVar [[p.chaos.AllowCreatePhysxBodies:1]]
[2022.04.20-16.38.37:224][  0]LogConfig: Setting CVar [[fx.SkipVectorVMBackendOptimizations:1]]
[2022.04.20-16.38.37:224][  0]LogConfig: Applying CVar settings from Section [ConsoleVariables] File [D:/Unreal Projects/DownShooter/ASzczyrba_Shooter/Saved/Config/Windows/Engine.ini]
[2022.04.20-16.38.37:224][  0]LogConfig: Applying CVar settings from Section [ConsoleVariables] File [D:/Unreal Projects/DownShooter/ASzczyrba_Shooter/Saved/Config/Windows/Editor.ini]
[2022.04.20-16.38.37:224][  0]LogInit: Computer: DESKTOP-PA68EOM
[2022.04.20-16.38.37:224][  0]LogInit: User: oszcz
[2022.04.20-16.38.37:224][  0]LogInit: CPU Page size=4096, Cores=3
[2022.04.20-16.38.37:224][  0]LogInit: High frequency timer resolution =10.000000 MHz
[2022.04.20-16.38.37:224][  0]LogMemory: Memory total: Physical=15.9GB (16GB approx)
[2022.04.20-16.38.37:224][  0]LogMemory: Platform Memory Stats for Windows
[2022.04.20-16.38.37:224][  0]LogMemory: Process Physical Memory: 145.38 MB used, 145.39 MB peak
[2022.04.20-16.38.37:224][  0]LogMemory: Process Virtual Memory: 127.70 MB used, 127.70 MB peak
[2022.04.20-16.38.37:224][  0]LogMemory: Physical Memory: 7802.07 MB used,  8481.43 MB free, 16283.50 MB total
[2022.04.20-16.38.37:224][  0]LogMemory: Virtual Memory: 134203936.00 MB used,  13789.55 MB free, 134217728.00 MB total
[2022.04.20-16.38.37:237][  0]LogWindows: WindowsPlatformFeatures enabled
[2022.04.20-16.38.37:588][  0]LogInit: Physics initialised using underlying interface: PhysX
[2022.04.20-16.38.37:644][  0]LogInit: Using OS detected language (pl-PL).
[2022.04.20-16.38.37:644][  0]LogInit: Using OS detected locale (pl-PL).
[2022.04.20-16.38.37:649][  0]LogTextLocalizationManager: No specific localization for 'pl-PL' exists, so the 'pl' localization will be used.
[2022.04.20-16.38.37:650][  0]LogTextLocalizationResource: LocRes '../../../Engine/Content/Localization/Editor/pl/Editor.locres' could not be opened for reading!
[2022.04.20-16.38.37:650][  0]LogTextLocalizationResource: LocRes '../../../Engine/Content/Localization/EditorTutorials/pl/EditorTutorials.locres' could not be opened for reading!
[2022.04.20-16.38.37:650][  0]LogTextLocalizationResource: LocRes '../../../Engine/Content/Localization/Keywords/pl/Keywords.locres' could not be opened for reading!
[2022.04.20-16.38.37:650][  0]LogTextLocalizationResource: LocRes '../../../Engine/Content/Localization/Category/pl/Category.locres' could not be opened for reading!
[2022.04.20-16.38.37:651][  0]LogTextLocalizationResource: LocRes '../../../Engine/Content/Localization/ToolTips/pl/ToolTips.locres' could not be opened for reading!
[2022.04.20-16.38.37:651][  0]LogTextLocalizationResource: LocRes '../../../Engine/Content/Localization/PropertyNames/pl/PropertyNames.locres' could not be opened for reading!
[2022.04.20-16.38.37:651][  0]LogTextLocalizationResource: LocRes '../../../Engine/Content/Localization/Engine/pl/Engine.locres' could not be opened for reading!
[2022.04.20-16.38.37:688][  0]LogInit: Setting process to per monitor DPI aware
[2022.04.20-16.38.37:707][  0]LogWindowsTextInputMethodSystem: Display: IME system deactivated.
[2022.04.20-16.38.37:797][  0]LogSlate: New Slate User Created.  User Index 0, Is Virtual User: 0
[2022.04.20-16.38.37:797][  0]LogSlate: Slate User Registered.  User Index 0, Is Virtual User: 0
[2022.04.20-16.38.38:248][  0]LogD3D11RHI: Loaded GFSDK_Aftermath_Lib.x64.dll
[2022.04.20-16.38.38:258][  0]LogHMD: Failed to initialize OpenVR with code 110
[2022.04.20-16.38.38:258][  0]LogD3D11RHI: D3D11 min allowed feature level: 11_0
[2022.04.20-16.38.38:258][  0]LogD3D11RHI: D3D11 max allowed feature level: 11_0
[2022.04.20-16.38.38:258][  0]LogD3D11RHI: D3D11 adapters:
[2022.04.20-16.38.38:338][  0]LogD3D11RHI:    0. 'AMD Radeon R9 200 Series' (Feature Level 11_0)
[2022.04.20-16.38.38:338][  0]LogD3D11RHI:       4071/0/8141 MB DedicatedVideo/DedicatedSystem/SharedSystem, Outputs:2, VendorId:0x1002
[2022.04.20-16.38.38:347][  0]LogD3D11RHI:    1. 'Microsoft Basic Render Driver' (Feature Level 11_0)
[2022.04.20-16.38.38:347][  0]LogD3D11RHI:       0/0/8141 MB DedicatedVideo/DedicatedSystem/SharedSystem, Outputs:0, VendorId:0x1414
[2022.04.20-16.38.38:347][  0]LogD3D11RHI: Chosen D3D11 Adapter:
[2022.04.20-16.38.38:347][  0]LogD3D11RHI:     Description : AMD Radeon R9 200 Series
[2022.04.20-16.38.38:347][  0]LogD3D11RHI:     VendorId    : 1002
[2022.04.20-16.38.38:347][  0]LogD3D11RHI:     DeviceId    : 67b1
[2022.04.20-16.38.38:347][  0]LogD3D11RHI:     SubSysId    : 4681043
[2022.04.20-16.38.38:348][  0]LogD3D11RHI:     Revision    : 0000
[2022.04.20-16.38.38:348][  0]LogD3D11RHI:     DedicatedVideoMemory : 4269285376 bytes
[2022.04.20-16.38.38:348][  0]LogD3D11RHI:     DedicatedSystemMemory : 0 bytes
[2022.04.20-16.38.38:348][  0]LogD3D11RHI:     SharedSystemMemory : 8537245696 bytes
[2022.04.20-16.38.38:348][  0]LogD3D11RHI:     AdapterLuid : 0 55219
[2022.04.20-16.38.38:358][  0]LogD3D11RHI: Creating new Direct3DDevice
[2022.04.20-16.38.38:358][  0]LogD3D11RHI:     GPU DeviceId: 0x67b1 (for the marketing name, search the web for "GPU Device Id")
[2022.04.20-16.38.38:358][  0]LogWindows: EnumDisplayDevices:
[2022.04.20-16.38.38:358][  0]LogWindows:    0. 'AMD Radeon R9 200 Series' (P:1 D:1)
[2022.04.20-16.38.38:359][  0]LogWindows:    1. 'AMD Radeon R9 200 Series' (P:0 D:1)
[2022.04.20-16.38.38:359][  0]LogWindows:    2. 'AMD Radeon R9 200 Series' (P:0 D:0)
[2022.04.20-16.38.38:360][  0]LogWindows:    3. 'AMD Radeon R9 200 Series' (P:0 D:0)
[2022.04.20-16.38.38:361][  0]LogWindows:    4. 'AMD Radeon R9 200 Series' (P:0 D:0)
[2022.04.20-16.38.38:361][  0]LogWindows:    5. 'AMD Radeon R9 200 Series' (P:0 D:0)
[2022.04.20-16.38.38:362][  0]LogWindows:    6. 'AMD Radeon R9 200 Series' (P:0 D:0)
[2022.04.20-16.38.38:362][  0]LogWindows:    7. 'AMD Radeon R9 200 Series' (P:0 D:0)
[2022.04.20-16.38.38:363][  0]LogWindows: DebugString: FoundDriverCount:8 
[2022.04.20-16.38.38:363][  0]LogD3D11RHI:     Adapter Name: AMD Radeon R9 200 Series
[2022.04.20-16.38.38:363][  0]LogD3D11RHI:   Driver Version: Adrenalin 2020 21.4.1 (internal:27.20.21002.112, unified:27.20.21002.112)
[2022.04.20-16.38.38:363][  0]LogD3D11RHI:      Driver Date: 4-13-2021
[2022.04.20-16.38.38:363][  0]LogRHI: Texture pool is 2422 MB (70% of 3460 MB)
[2022.04.20-16.38.38:409][  0]LogD3D11RHI: Creating D3DDevice with AMD AGS, using adapter:
[2022.04.20-16.38.38:409][  0]LogD3D11RHI:     Description : AMD Radeon R9 200 Series
[2022.04.20-16.38.38:409][  0]LogD3D11RHI:     VendorId    : 1002
[2022.04.20-16.38.38:409][  0]LogD3D11RHI:     DeviceId    : 67b1
[2022.04.20-16.38.38:409][  0]LogD3D11RHI:     SubSysId    : 4681043
[2022.04.20-16.38.38:409][  0]LogD3D11RHI:     Revision    : 0000
[2022.04.20-16.38.38:409][  0]LogD3D11RHI:     DedicatedVideoMemory : 4269285376 bytes
[2022.04.20-16.38.38:409][  0]LogD3D11RHI:     DedicatedSystemMemory : 0 bytes
[2022.04.20-16.38.38:410][  0]LogD3D11RHI:     SharedSystemMemory : 8537245696 bytes
[2022.04.20-16.38.38:410][  0]LogD3D11RHI:     AdapterLuid : 0 55219
[2022.04.20-16.38.38:493][  0]LogD3D11RHI: Created device via AGS, feature level 11_0, supported extensions 1fffffbf.
[2022.04.20-16.38.38:494][  0]LogD3D11RHI: RHI has support for 64 bit atomics
[2022.04.20-16.38.38:494][  0]LogD3D11RHI: Async texture creation enabled
[2022.04.20-16.38.38:494][  0]LogD3D11RHI: Array index from any shader is supported
[2022.04.20-16.38.38:515][  0]LogD3D11RHI: GPU Timing Frequency: 27.000000 (Debug: 2 1)
[2022.04.20-16.38.39:310][  0]LogTargetPlatformManager: Display: Loaded TargetPlatform 'AllDesktop'
[2022.04.20-16.38.39:355][  0]LogTargetPlatformManager: Display: Loaded TargetPlatform 'Android'
[2022.04.20-16.38.39:355][  0]LogTargetPlatformManager: Display: Loaded TargetPlatform 'Android_ASTC'
[2022.04.20-16.38.39:355][  0]LogTargetPlatformManager: Display: Loaded TargetPlatform 'Android_DXT'
[2022.04.20-16.38.39:355][  0]LogTargetPlatformManager: Display: Loaded TargetPlatform 'Android_ETC2'
[2022.04.20-16.38.39:355][  0]LogTargetPlatformManager: Display: Loaded TargetPlatform 'AndroidClient'
[2022.04.20-16.38.39:355][  0]LogTargetPlatformManager: Display: Loaded TargetPlatform 'Android_ASTCClient'
[2022.04.20-16.38.39:355][  0]LogTargetPlatformManager: Display: Loaded TargetPlatform 'Android_DXTClient'
[2022.04.20-16.38.39:355][  0]LogTargetPlatformManager: Display: Loaded TargetPlatform 'Android_ETC2Client'
[2022.04.20-16.38.39:355][  0]LogTargetPlatformManager: Display: Loaded TargetPlatform 'Android_Multi'
[2022.04.20-16.38.39:355][  0]LogTargetPlatformManager: Display: Loaded TargetPlatform 'Android_MultiClient'
[2022.04.20-16.38.39:442][  0]LogTargetPlatformManager: Display: Loaded TargetPlatform 'IOSClient'
[2022.04.20-16.38.39:442][  0]LogTargetPlatformManager: Display: Loaded TargetPlatform 'IOS'
[2022.04.20-16.38.39:459][  0]LogTargetPlatformManager: Display: Loaded TargetPlatform 'Linux'
[2022.04.20-16.38.39:466][  0]LogTargetPlatformManager: Display: Loaded TargetPlatform 'LinuxNoEditor'
[2022.04.20-16.38.39:476][  0]LogTargetPlatformManager: Display: Loaded TargetPlatform 'LinuxClient'
[2022.04.20-16.38.39:484][  0]LogTargetPlatformManager: Display: Loaded TargetPlatform 'LinuxServer'
[2022.04.20-16.38.39:503][  0]LogTargetPlatformManager: Display: Loaded TargetPlatform 'LinuxAArch64NoEditor'
[2022.04.20-16.38.39:512][  0]LogTargetPlatformManager: Display: Loaded TargetPlatform 'LinuxAArch64Client'
[2022.04.20-16.38.39:522][  0]LogTargetPlatformManager: Display: Loaded TargetPlatform 'LinuxAArch64Server'
[2022.04.20-16.38.39:564][  0]LogTargetPlatformManager: Display: Loaded TargetPlatform 'Lumin'
[2022.04.20-16.38.39:564][  0]LogTargetPlatformManager: Display: Loaded TargetPlatform 'LuminClient'
[2022.04.20-16.38.39:580][  0]LogTargetPlatformManager: Display: Loaded TargetPlatform 'MacNoEditor'
[2022.04.20-16.38.39:589][  0]LogTargetPlatformManager: Display: Loaded TargetPlatform 'Mac'
[2022.04.20-16.38.39:596][  0]LogTargetPlatformManager: Display: Loaded TargetPlatform 'MacClient'
[2022.04.20-16.38.39:605][  0]LogTargetPlatformManager: Display: Loaded TargetPlatform 'MacServer'
[2022.04.20-16.38.39:625][  0]LogTargetPlatformManager: Display: Loaded TargetPlatform 'TVOSClient'
[2022.04.20-16.38.39:625][  0]LogTargetPlatformManager: Display: Loaded TargetPlatform 'TVOS'
[2022.04.20-16.38.39:645][  0]LogTargetPlatformManager: Display: Loaded TargetPlatform 'WindowsNoEditor'
[2022.04.20-16.38.39:655][  0]LogTargetPlatformManager: Display: Loaded TargetPlatform 'Windows'
[2022.04.20-16.38.39:664][  0]LogTargetPlatformManager: Display: Loaded TargetPlatform 'WindowsClient'
[2022.04.20-16.38.39:675][  0]LogTargetPlatformManager: Display: Loaded TargetPlatform 'WindowsServer'
[2022.04.20-16.38.39:675][  0]LogTargetPlatformManager: Display: Building Assets For Windows
[2022.04.20-16.38.39:697][  0]LogAudioDebug: Display: Lib vorbis DLL was dynamically loaded.
[2022.04.20-16.38.39:808][  0]LogTextureFormatOodle: Display: Oodle Texture 2.9.0 init RDO Off
[2022.04.20-16.38.40:088][  0]LogRendererCore: Ray tracing is disabled. Reason: r.RayTracing=0.
[2022.04.20-16.38.40:088][  0]LogShaderCompilers: Guid format shader working directory is -3 characters bigger than the processId version (D:/Unreal Projects/DownShooter/ASzczyrba_Shooter/Intermediate/Shaders/WorkingDirectory/13320/).
[2022.04.20-16.38.40:088][  0]LogShaderCompilers: Cleaned the shader compiler working directory 'C:/Users/oszcz/AppData/Local/Temp/UnrealShaderWorkingDir/612AA5C44F305656449D1FBE7D9D7536/'.
[2022.04.20-16.38.40:089][  0]LogXGEController: Cannot use XGE Controller as Incredibuild is not installed on this machine.
[2022.04.20-16.38.40:089][  0]LogShaderCompilers: Cannot use XGE Shader Compiler as Incredibuild is not installed on this machine.
[2022.04.20-16.38.40:089][  0]LogShaderCompilers: Display: Using Local Shader Compiler.
[2022.04.20-16.38.42:050][  0]LogDerivedDataCache: Display: Max Cache Size: 512 MB
[2022.04.20-16.38.42:188][  0]LogDerivedDataCache: Loaded boot cache 0.14s 103MB C:/Users/oszcz/AppData/Local/UnrealEngine/4.27/DerivedDataCache/Boot.ddc.
[2022.04.20-16.38.42:188][  0]LogDerivedDataCache: Display: Loaded Boot cache: C:/Users/oszcz/AppData/Local/UnrealEngine/4.27/DerivedDataCache/Boot.ddc
[2022.04.20-16.38.42:190][  0]LogDerivedDataCache: FDerivedDataBackendGraph:  Pak pak cache file D:/Unreal Projects/DownShooter/ASzczyrba_Shooter/DerivedDataCache/DDC.ddp not found, will not use a pak cache.
[2022.04.20-16.38.42:191][  0]LogDerivedDataCache: Unable to find inner node Pak for hierarchical cache Hierarchy.
[2022.04.20-16.38.42:191][  0]LogDerivedDataCache: FDerivedDataBackendGraph:  CompressedPak pak cache file D:/Unreal Projects/DownShooter/ASzczyrba_Shooter/DerivedDataCache/Compressed.ddp not found, will not use a pak cache.
[2022.04.20-16.38.42:191][  0]LogDerivedDataCache: Unable to find inner node CompressedPak for hierarchical cache Hierarchy.
[2022.04.20-16.38.42:223][  0]LogDerivedDataCache: Display: Pak cache opened for reading ../../../Engine/DerivedDataCache/Compressed.ddp.
[2022.04.20-16.38.42:223][  0]LogDerivedDataCache: FDerivedDataBackendGraph:  EnterprisePak pak cache file ../../../Enterprise/DerivedDataCache/Compressed.ddp not found, will not use a pak cache.
[2022.04.20-16.38.42:223][  0]LogDerivedDataCache: Unable to find inner node EnterprisePak for hierarchical cache Hierarchy.
[2022.04.20-16.38.42:239][  0]LogDerivedDataCache: Speed tests for C:/Users/oszcz/AppData/Local/UnrealEngine/Common/DerivedDataCache took 0.02 seconds
[2022.04.20-16.38.42:239][  0]LogDerivedDataCache: Display: Performance to C:/Users/oszcz/AppData/Local/UnrealEngine/Common/DerivedDataCache: Latency=0.10ms. RandomReadSpeed=650.04MBs, RandomWriteSpeed=72.24MBs. Assigned SpeedClass 'Local'
[2022.04.20-16.38.42:240][  0]LogDerivedDataCache: Using Local data cache path C:/Users/oszcz/AppData/Local/UnrealEngine/Common/DerivedDataCache: Writable
[2022.04.20-16.38.42:240][  0]LogDerivedDataCache: Shared data cache path not found in *engine.ini, will not use an Shared cache.
[2022.04.20-16.38.42:240][  0]LogDerivedDataCache: Unable to find inner node Shared for hierarchical cache Hierarchy.
[2022.04.20-16.38.42:346][  0]LogSlate: Using FreeType 2.10.0
[2022.04.20-16.38.42:347][  0]LogSlate: SlateFontServices - WITH_FREETYPE: 1, WITH_HARFBUZZ: 1
[2022.04.20-16.38.42:425][  0]LogAssetRegistry: FAssetRegistry took 0.0060 seconds to start up
[2022.04.20-16.38.42:958][  0]LogInit: Selected Device Profile: [Windows]
[2022.04.20-16.38.42:958][  0]LogInit: Active device profile: [000001B4694A4D00][000001B466EC0500 49] Windows
[2022.04.20-16.38.42:958][  0]LogInit: Profiles: [000001B4694A4D00][000001B466EC0500 49] Windows, [000001B46947A300][000001B466EC8680 49] WindowsNoEditor, [000001B4694A5C00][000001B466EC47C0 49] WindowsServer, [000001B46947B100][000001B466ECC900 49] WindowsClient, [000001B4694A6900][000001B46218CA40 49] IOS, [000001B469479A00][000001B462190B80 49] iPadAir, [000001B4694A7E00][000001B46219CD00 49] iPadAir2, [000001B469361100][000001B466BC2FC0 49] IPadPro, [000001B469361200][000001B4621A1000 49] iPadAir3, [000001B469478C00][000001B45381D180 49] iPadAir4, [000001B469361E00][000001B453825300 49] iPadMini2, [000001B46947B300][000001B4692A5480 49] iPadMini3, [000001B469363900][000001B4692A9600 49] iPadMini4, [000001B469479000][000001B4692AD780 49] iPadMini5, [000001B469384900][000001B4692B5A40 49] iPhone6, [000001B469384A00][000001B4692B1A80 49] iPodTouch6, [000001B4694A6E00][000001B466CA61C0 49] iPhone7, [000001B4694A6F00][000001B4692BC200 49] iPodTouch7, [000001B469363E00][000001B466CAA380 49] iPhone5S, [000001B4694A4F00][000001B466CAE500 49] iPhone6Plus, [000001B469384100][000001B466CB2680 49] iPhone6S, [000001B469360300][000001B466CB6800 49] iPhone6SPlus, [000001B469386800][000001B462198940 49] iPhone7Plus, [000001B469362400][000001B4692C8A80 49] iPhoneSE, [000001B469386600][000001B4692CCBC0 49] iPhone8, [000001B469360400][000001B4692D4D00 49] iPhone8Plus, [000001B469387100][000001B4692DCE80 49] iPhoneX, [000001B4694A5400][000001B461F67000 49] iPhoneXS, [000001B469386B00][000001B461F93180 49] iPhoneXSMax, [000001B4694A4700][000001B461F9F300 49] iPhoneXR, [000001B469384800][000001B46A6EB480 49] iPhone11, [000001B4694A5100][000001B466CCF600 49] iPhone11Pro, [000001B469385A00][000001B466D0D780 49] iPhone11ProMax, [000001B4694A7700][000001B466D11900 49] iPhoneSE2, [000001B469387800][000001B469235A80 49] iPhone12Mini, [000001B4694A6300][000001B469239C00 49] iPhone12, [000001B469387200][000001B46923C200 49] iPhone12Pro, [000001B4694A5300][000001B469240380 49] iPhone12ProMax, [000001B469385500][000001B469294500 49] iPadPro105, [000001B4694A4A00][000001B469298680 49] iPadPro129, [000001B469387D00][000001B46929C800 49] iPadPro97, [000001B4694A6A00][000001B46A310980 49] iPadPro2_129, [000001B469386900][000001B46A314B00 49] iPad5, [000001B4694A5E00][000001B4692D8C40 49] iPad6, [000001B469385300][000001B46A318D80 49] iPad7, [000001B4694A4200][000001B46A31CEC0 49] iPad8, [000001B469384400][000001B46A325040 49] iPadPro11, [000001B4694A5A00][000001B46A3291C0 49] iPadPro2_11, [000001B469385600][000001B46A359340 49] iPadPro3_129, [000001B4694A6700][000001B4692D14C0 49] iPadPro4_129, [000001B469384200][000001B46A35D640 49] AppleTV, [000001B4694A4900][000001B46A3917C0 49] AppleTV4K, [000001B469385D00][000001B46A395940 49] TVOS, [000001B4694A6D00][000001B46A399AC0 49] Mac, [000001B469387600][000001B46A39C0C0 49] MacClient, [000001B4694A7900][000001B46A3A0240 49] MacNoEditor, [000001B469387500][000001B46A3A43C0 49] MacServer, [000001B4694A5200][000001B46A3A8540 49] Linux, [000001B469385C00][000001B46A3EC6C0 49] LinuxAArch64, [000001B4694A7C00][000001B46A418840 49] LinuxNoEditor, [000001B469386300][000001B46A4289C0 49] LinuxAArch64NoEditor, [000001B4694A5B00][000001B461F22B40 49] LinuxClient, [000001B469386500][000001B461F26CC0 49] LinuxAArch64Client, [000001B4694A4E00][000001B46A320E00 49] LinuxServer, [000001B469387900][000001B461F36F40 49] LinuxAArch64Server, [000001B4694A7500][000001B461F3B080 49] Android, [000001B469385E00][000001B461F3F1C0 49] Android_Low, [000001B4694A5F00][000001B461F47340 49] Android_Mid, [000001B469386200][000001B461F4B4C0 49] Android_High, [000001B4694A7F00][000001B461F4F640 49] Android_Default, [000001B469386000][000001B461F537C0 49] Android_Adreno4xx, [000001B4694A7D00][000001B461F5B940 49] Android_Adreno5xx_Low, [000001B469386A00][000001B461F5FAC0 49] Android_Adreno5xx, [000001B4694A7800][000001B461F620C0 49] Android_Adreno6xx, [000001B469478500][000001B46A928240 49] Android_Adreno6xx_Vulkan, [000001B469361400][000001B46A92C3C0 49] Android_Mali_T6xx, [000001B469479100][000001B46A930540 49] Android_Mali_T7xx, [000001B469362D00][000001B46A9346C0 49] Android_Mali_T8xx, [000001B46947AF00][000001B46A938840 49] Android_Mali_G71, [000001B469363400][000001B46A93C9C0 49] Android_Mali_G72, [000001B469479700][000001B46A940B40 49] Android_Mali_G72_Vulkan, [000001B469361300][000001B46A944CC0 49] Android_Mali_G76, [000001B46947BA00][000001B46A948E40 49] Android_Mali_G76_Vulkan, [000001B469362C00][000001B461F42F80 49] Android_Mali_G77, [000001B469479500][000001B46A94D0C0 49] Android_Mali_G77_Vulkan, [000001B469361800][000001B46A951200 49] Android_Mali_G78, [000001B46947A200][000001B46AAD9340 49] Android_Mali_G78_Vulkan, [000001B469363D00][000001B46AAE14C0 49] Android_Mali_G710, [000001B469478300][000001B46AAE5640 49] Android_Mali_G710_Vulkan, [000001B469360200][000001B46AAE97C0 49] Android_Vulkan_SM5, [000001B469478800][000001B463497940 49] Android_PowerVR_G6xxx, [000001B469362500][000001B463503AC0 49] Android_PowerVR_GT7xxx, [000001B469478E00][000001B4635060C0 49] Android_PowerVR_GE8xxx, [000001B469361500][000001B46350A240 49] Android_PowerVR_GM9xxx, [000001B469478D00][000001B4635123C0 49] Android_PowerVR_GM9xxx_Vulkan, [000001B469361900][000001B463516540 49] Android_TegraK1, [000001B469478600][000001B46351A6C0 49] Android_Unknown_Vulkan, [000001B469363800][000001B469244840 49] Lumin, [000001B46947A600][000001B4692489C0 49] Lumin_Desktop, [000001B469363B00][000001B46924CB40 49] HoloLens, 
[2022.04.20-16.38.43:340][  0]LogMeshReduction: Using QuadricMeshReduction for automatic static mesh reduction
[2022.04.20-16.38.43:340][  0]LogMeshReduction: Using SimplygonMeshReduction for automatic skeletal mesh reduction
[2022.04.20-16.38.43:340][  0]LogMeshReduction: Using ProxyLODMeshReduction for automatic mesh merging
[2022.04.20-16.38.43:340][  0]LogMeshReduction: No distributed automatic mesh merging module available
[2022.04.20-16.38.43:340][  0]LogMeshMerging: No distributed automatic mesh merging module available
[2022.04.20-16.38.43:399][  0]LogNetVersion: ASzczyrba_Shooter 1.0.0, NetCL: 17155196, EngineNetVer: 17, GameNetVer: 0 (Checksum: 1378274506)
[2022.04.20-16.38.44:310][  0]LogTexture: Default maximum texture size for cubemaps generated from long-lat sources has been changed from 512 to unlimited. In order to preserve old behaiour for '/Engine/MapTemplates/Sky/DaylightAmbientCubemap.DaylightAmbientCubemap', its maximum texture size has been explicitly set to 512.
[2022.04.20-16.38.44:421][  0]LogHMD: PokeAHoleMaterial loaded successfully
[2022.04.20-16.38.44:434][  0]LogUObjectArray: 17178 objects as part of root set at end of initial load.
[2022.04.20-16.38.44:434][  0]LogUObjectAllocator: 4302048 out of 0 bytes used by permanent object pool.
[2022.04.20-16.38.44:434][  0]LogUObjectArray: CloseDisregardForGC: 0/0 objects in disregard for GC pool
[2022.04.20-16.38.45:328][  0]LogNiagaraDebuggerClient: Niagara Debugger Client Initialized | Session: BC07F5244D388A1EFD4D0BBE162DA6E3 | Instance: 9A249F93435D2CAB8D04EBB904491439 (DESKTOP-PA68EOM-13320).
[2022.04.20-16.38.45:447][  0]LogPython: Using Python 3.7.7
[2022.04.20-16.38.46:885][  0]LogUdpMessaging: Initializing bridge on interface 0.0.0.0:0 to multicast group 230.0.0.1:6666.
[2022.04.20-16.38.46:899][  0]LogTcpMessaging: Initializing TcpMessaging bridge
[2022.04.20-16.38.48:006][  0]LogOpenImageDenoise: OIDN starting up
[2022.04.20-16.38.48:152][  0]SourceControl: Source control is disabled
[2022.04.20-16.38.48:152][  0]SourceControl: Source control is disabled
[2022.04.20-16.38.48:167][  0]SourceControl: Source control is disabled
[2022.04.20-16.38.48:185][  0]SourceControl: Source control is disabled
[2022.04.20-16.38.48:203][  0]SourceControl: Source control is disabled
[2022.04.20-16.38.48:219][  0]LogUProjectInfo: Found projects:
[2022.04.20-16.38.48:416][  0]LogAndroidPermission: UAndroidPermissionCallbackProxy::GetInstance
[2022.04.20-16.38.48:472][  0]LogAudioCaptureCore: Display: No Audio Capture implementations found. Audio input will be silent.
[2022.04.20-16.38.48:472][  0]LogAudioCaptureCore: Display: No Audio Capture implementations found. Audio input will be silent.
[2022.04.20-16.38.48:814][  0]LogCollectionManager: Loaded 0 collections in 0.001594 seconds
[2022.04.20-16.38.48:860][  0]LogFileCache: Scanning file cache for directory 'D:/Unreal Projects/DownShooter/ASzczyrba_Shooter/Saved/Collections/' took 0.00s
[2022.04.20-16.38.48:860][  0]LogFileCache: Scanning file cache for directory 'D:/Unreal Projects/DownShooter/ASzczyrba_Shooter/Content/Developers/oszcz/Collections/' took 0.00s
[2022.04.20-16.38.48:860][  0]LogFileCache: Scanning file cache for directory 'D:/Unreal Projects/DownShooter/ASzczyrba_Shooter/Content/Collections/' took 0.00s
[2022.04.20-16.38.48:860][  0]LogOcInput: OculusInput pre-init called
[2022.04.20-16.38.49:471][  0]LogEngine: Initializing Engine...
[2022.04.20-16.38.49:520][  0]LogHMD: Failed to enumerate extensions. Please check that you have a valid OpenXR runtime installed.
[2022.04.20-16.38.49:520][  0]LogHMD: Failed to initialize OpenVR with code 110
[2022.04.20-16.38.49:520][  0]LogMagicLeap: Warning: VR disabled because ZI is not enabled.  To enable, in the editor, Edit -> Project Settings -> Plugins -> Magic Leap Plugin -> Enable Zero Iteration
[2022.04.20-16.38.49:522][  0]LogStats: UGameplayTagsManager::InitializeManager -  0.000 s
[2022.04.20-16.38.49:785][  0]LogInit: Initializing FReadOnlyCVARCache
[2022.04.20-16.38.49:848][  0]LogAIModule: Creating AISystem for world Untitled
[2022.04.20-16.38.49:849][  0]LogAudio: Display: Initializing Audio Device Manager...
[2022.04.20-16.38.49:854][  0]LogAudio: Display: Loading Default Audio Settings Objects...
[2022.04.20-16.38.49:855][  0]LogAudio: Display: No default SoundConcurrencyObject specified (or failed to load).
[2022.04.20-16.38.49:856][  0]LogAudio: Display: Audio Device Manager Initialized
[2022.04.20-16.38.49:856][  0]LogAudio: Display: Creating Audio Device:                 Id: 1, Scope: Shared, Realtime: True
[2022.04.20-16.38.49:856][  0]LogAudioMixer: Display: Audio Mixer Platform Settings:
[2022.04.20-16.38.49:856][  0]LogAudioMixer: Display: 	Sample Rate:						  48000
[2022.04.20-16.38.49:856][  0]LogAudioMixer: Display: 	Callback Buffer Frame Size Requested: 1024
[2022.04.20-16.38.49:856][  0]LogAudioMixer: Display: 	Callback Buffer Frame Size To Use:	  1024
[2022.04.20-16.38.49:856][  0]LogAudioMixer: Display: 	Number of buffers to queue:			  2
[2022.04.20-16.38.49:856][  0]LogAudioMixer: Display: 	Max Channels (voices):				  32
[2022.04.20-16.38.49:856][  0]LogAudioMixer: Display: 	Number of Async Source Workers:		  0
[2022.04.20-16.38.49:856][  0]LogAudio: Display: AudioDevice MaxSources: 32
[2022.04.20-16.38.49:857][  0]LogAudio: Display: Audio Spatialization Plugin: None (built-in).
[2022.04.20-16.38.49:857][  0]LogAudio: Display: Audio Reverb Plugin: None (built-in).
[2022.04.20-16.38.49:857][  0]LogAudio: Display: Audio Occlusion Plugin: None (built-in).
[2022.04.20-16.38.49:857][  0]LogAudioMixer: Display: Initializing audio mixer.
[2022.04.20-16.38.49:902][  0]LogAudioMixer: Display: 0: FrontLeft
[2022.04.20-16.38.49:902][  0]LogAudioMixer: Display: 1: FrontRight
[2022.04.20-16.38.49:950][  0]LogAudioMixer: Display: Using Audio Device Głośniki (Realtek High Definition Audio)
[2022.04.20-16.38.49:956][  0]LogAudioMixer: Display: Initializing Sound Submixes...
[2022.04.20-16.38.49:960][  0]LogAudioMixer: Display: Creating Master Submix 'MasterSubmixDefault'
[2022.04.20-16.38.49:960][  0]LogAudioMixer: Display: Creating Master Submix 'MasterReverbSubmixDefault'
[2022.04.20-16.38.49:963][  0]LogAudioMixer: Display: Creating Master Submix 'MasterEQSubmixDefault'
[2022.04.20-16.38.49:963][  0]LogAudioMixer: FMixerPlatformXAudio2::StartAudioStream() called
[2022.04.20-16.38.49:963][  0]LogAudioMixer: Display: Output buffers initialized: Frames=1024, Channels=2, Samples=2048
[2022.04.20-16.38.49:967][  0]LogAudioMixer: Display: Starting AudioMixerPlatformInterface::RunInternal()
[2022.04.20-16.38.49:967][  0]LogAudioMixer: Display: FMixerPlatformXAudio2::SubmitBuffer() called for the first time
[2022.04.20-16.38.49:967][  0]LogInit: FAudioDevice initialized.
[2022.04.20-16.38.49:968][  0]LogAudio: Display: Audio Device (ID: 1) registered with world 'Untitled'.
[2022.04.20-16.38.49:968][  0]LogNetVersion: Set ProjectVersion to 1.0.0.0. Version Checksum will be recalculated on next use.
[2022.04.20-16.38.50:248][  0]LogDerivedDataCache: Saved boot cache 0.28s 94MB C:/Users/oszcz/AppData/Local/UnrealEngine/4.27/DerivedDataCache/Boot.ddc.
[2022.04.20-16.38.50:249][  0]LogInit: Texture streaming: Enabled
[2022.04.20-16.38.50:293][  0]LogAnalytics: Display: [UEEditor.Rocket.Release] APIServer = https://datarouter.ol.epicgames.com/. AppVersion = 4.27.2-18319896+++UE4+Release-4.27
[2022.04.20-16.38.50:303][  0]LogEngineSessionManager: EngineSessionManager initialized
[2022.04.20-16.38.50:303][  0]LogEditorSessionSummary: Verbose: Initializing EditorSessionSummaryWriter for editor session tracking
[2022.04.20-16.38.50:306][  0]LogEditorSessionSummary: EditorSessionSummaryWriter initialized
[2022.04.20-16.38.50:369][  0]LogInit: Transaction tracking system initialized
[2022.04.20-16.38.50:453][  0]BlueprintLog: New page: Editor Load
[2022.04.20-16.38.50:900][  0]LocalizationService: Localization service is disabled
[2022.04.20-16.38.51:097][  0]TimingProfiler: Initialize
[2022.04.20-16.38.51:097][  0]TimingProfiler: OnSessionChanged
[2022.04.20-16.38.51:097][  0]LoadingProfiler: Initialize
[2022.04.20-16.38.51:098][  0]LoadingProfiler: OnSessionChanged
[2022.04.20-16.38.51:098][  0]NetworkingProfiler: Initialize
[2022.04.20-16.38.51:098][  0]NetworkingProfiler: OnSessionChanged
[2022.04.20-16.38.51:098][  0]MemoryProfiler: Initialize
[2022.04.20-16.38.51:098][  0]MemoryProfiler: OnSessionChanged
[2022.04.20-16.38.51:484][  0]LogCook: Display: CookSettings for Memory: MemoryMaxUsedVirtual 0MiB, MemoryMaxUsedPhysical 16384MiB, MemoryMinFreeVirtual 0MiB, MemoryMinFreePhysical 1024MiB
[2022.04.20-16.38.51:484][  0]LogCook: Display: Mobile HDR setting 1
[2022.04.20-16.38.52:096][  0]LogFileCache: Scanning file cache for directory 'D:/Unreal Projects/DownShooter/ASzczyrba_Shooter/Content/' took 0.01s
[2022.04.20-16.38.52:794][  0]LogInit: Display: Engine is initialized. Leaving FEngineLoop::Init()
[2022.04.20-16.38.52:802][  0]SourceControl: Source control is disabled
[2022.04.20-16.38.52:802][  0]LogUnrealEdMisc: Loading editor; pre map load, took 21.486
[2022.04.20-16.38.52:802][  0]Cmd: MAP LOAD FILE="D:/Unreal Projects/DownShooter/ASzczyrba_Shooter/Content/TopDownBP/Maps/TopDownExampleMap.umap" TEMPLATE=0 SHOWPROGRESS=1 FEATURELEVEL=3
[2022.04.20-16.38.52:803][  0]LightingResults: New page: Lighting Build
[2022.04.20-16.38.52:805][  0]LogWorld: UWorld::CleanupWorld for Untitled, bSessionEnded=true, bCleanupResources=true
[2022.04.20-16.38.52:805][  0]LogSlate: InvalidateAllWidgets triggered.  All widgets were invalidated
[2022.04.20-16.38.52:806][  0]MapCheck: New page: Map Check
[2022.04.20-16.38.52:806][  0]LightingResults: New page: Lighting Build
[2022.04.20-16.38.52:821][  0]LogAudio: Display: Audio Device unregistered from world 'None'.
[2022.04.20-16.38.52:827][  0]LogUObjectHash: Compacting FUObjectHashTables data took   2.72ms
[2022.04.20-16.38.53:401][  0]LogTexture: Display: Building textures: DeprecatedTextureFA79271141B0C16E0AB806B8FE9AB1E1 (BGRA8, 128X128)
[2022.04.20-16.38.53:579][  0]LogAudio: Display: Audio Device (ID: 1) registered with world 'TopDownExampleMap'.
[2022.04.20-16.38.53:581][  0]LogAIModule: Creating AISystem for world TopDownExampleMap
[2022.04.20-16.38.53:656][  0]LogEditorServer: Finished looking for orphan Actors (0.000 secs)
[2022.04.20-16.38.53:658][  0]LogNavigationDataBuild: Display:    Building NavData:  Name Default class /Script/NavigationSystem.RecastNavMesh agent radius 35.0.
[2022.04.20-16.38.53:681][  0]LogUObjectHash: Compacting FUObjectHashTables data took   1.79ms
[2022.04.20-16.38.53:683][  0]Cmd: MAP CHECKDEP NOCLEARLOG
[2022.04.20-16.38.53:684][  0]MapCheck: Map check complete: 0 Error(s), 0 Warning(s), took 0,19ms to complete.
[2022.04.20-16.38.53:684][  0]LogFileHelpers: Loading map 'TopDownExampleMap' took 0.882
[2022.04.20-16.38.53:688][  0]LogUnrealEdMisc: Total Editor Startup Time, took 22.372
[2022.04.20-16.38.53:856][  0]LogSlate: Updating window title bar state: overlay mode, drag disabled, window buttons hidden, title bar hidden
[2022.04.20-16.38.53:868][  0]LogSlate: Updating window title bar state: overlay mode, drag disabled, window buttons hidden, title bar hidden
[2022.04.20-16.38.53:881][  0]LogSlate: Updating window title bar state: overlay mode, drag disabled, window buttons hidden, title bar hidden
[2022.04.20-16.38.53:896][  0]LogSlate: Updating window title bar state: overlay mode, drag disabled, window buttons hidden, title bar hidden
[2022.04.20-16.38.53:996][  0]LogNativeClassHierarchy: Verbose: Native class hierarchy populated in 0.0215 seconds. Added 3822 classes and 928 folders.
[2022.04.20-16.38.54:015][  0]LogNativeClassHierarchy: Verbose: Native class hierarchy updated for 'WidgetCarousel' in 0.0004 seconds. Added 0 classes and 0 folders.
[2022.04.20-16.38.54:020][  0]LogPakFile: PakFile PrimaryIndexSize=187
[2022.04.20-16.38.54:020][  0]LogPakFile: PakFile PathHashIndexSize=101
[2022.04.20-16.38.54:020][  0]LogPakFile: PakFile FullDirectoryIndexSize=148
[2022.04.20-16.38.54:020][  0]LogShaderLibrary: Display: ShaderCodeLibraryPakFileMountedCallback: PakFile 'E:/programy/EpicGames/UE_4.27/FeaturePacks/FP_FirstPerson.upack' (chunk index -1, root 'root:/') mounted
[2022.04.20-16.38.54:020][  0]LogShaderLibrary: Display: ShaderCodeLibraryPakFileMountedCallback: pending pak file info (ChunkID:-1 Root:root:/ File:E:/programy/EpicGames/UE_4.27/FeaturePacks/FP_FirstPerson.upack)
[2022.04.20-16.38.54:020][  0]LogPakFile: OnPakFileMounted2Time == 0.000117
[2022.04.20-16.38.54:022][  0]LogPakFile: PakFile PrimaryIndexSize=189
[2022.04.20-16.38.54:022][  0]LogPakFile: PakFile PathHashIndexSize=101
[2022.04.20-16.38.54:022][  0]LogPakFile: PakFile FullDirectoryIndexSize=152
[2022.04.20-16.38.54:022][  0]LogShaderLibrary: Display: ShaderCodeLibraryPakFileMountedCallback: PakFile 'E:/programy/EpicGames/UE_4.27/FeaturePacks/FP_FirstPersonBP.upack' (chunk index -1, root 'root:/') mounted
[2022.04.20-16.38.54:022][  0]LogShaderLibrary: Display: ShaderCodeLibraryPakFileMountedCallback: pending pak file info (ChunkID:-1 Root:root:/ File:E:/programy/EpicGames/UE_4.27/FeaturePacks/FP_FirstPersonBP.upack)
[2022.04.20-16.38.54:022][  0]LogPakFile: OnPakFileMounted2Time == 0.000071
[2022.04.20-16.38.54:023][  0]LogPakFile: PakFile PrimaryIndexSize=191
[2022.04.20-16.38.54:023][  0]LogPakFile: PakFile PathHashIndexSize=101
[2022.04.20-16.38.54:023][  0]LogPakFile: PakFile FullDirectoryIndexSize=160
[2022.04.20-16.38.54:023][  0]LogShaderLibrary: Display: ShaderCodeLibraryPakFileMountedCallback: PakFile 'E:/programy/EpicGames/UE_4.27/FeaturePacks/MobileStarterContent.upack' (chunk index -1, root 'root:/') mounted
[2022.04.20-16.38.54:023][  0]LogShaderLibrary: Display: ShaderCodeLibraryPakFileMountedCallback: pending pak file info (ChunkID:-1 Root:root:/ File:E:/programy/EpicGames/UE_4.27/FeaturePacks/MobileStarterContent.upack)
[2022.04.20-16.38.54:023][  0]LogPakFile: OnPakFileMounted2Time == 0.000064
[2022.04.20-16.38.54:024][  0]LogPakFile: PakFile PrimaryIndexSize=185
[2022.04.20-16.38.54:025][  0]LogPakFile: PakFile PathHashIndexSize=101
[2022.04.20-16.38.54:025][  0]LogPakFile: PakFile FullDirectoryIndexSize=148
[2022.04.20-16.38.54:025][  0]LogShaderLibrary: Display: ShaderCodeLibraryPakFileMountedCallback: PakFile 'E:/programy/EpicGames/UE_4.27/FeaturePacks/StarterContent.upack' (chunk index -1, root 'root:/') mounted
[2022.04.20-16.38.54:025][  0]LogShaderLibrary: Display: ShaderCodeLibraryPakFileMountedCallback: pending pak file info (ChunkID:-1 Root:root:/ File:E:/programy/EpicGames/UE_4.27/FeaturePacks/StarterContent.upack)
[2022.04.20-16.38.54:025][  0]LogPakFile: OnPakFileMounted2Time == 0.000066
[2022.04.20-16.38.54:026][  0]LogPakFile: PakFile PrimaryIndexSize=190
[2022.04.20-16.38.54:026][  0]LogPakFile: PakFile PathHashIndexSize=101
[2022.04.20-16.38.54:026][  0]LogPakFile: PakFile FullDirectoryIndexSize=154
[2022.04.20-16.38.54:026][  0]LogShaderLibrary: Display: ShaderCodeLibraryPakFileMountedCallback: PakFile 'E:/programy/EpicGames/UE_4.27/FeaturePacks/TP_2DSideScroller.upack' (chunk index -1, root 'root:/') mounted
[2022.04.20-16.38.54:026][  0]LogShaderLibrary: Display: ShaderCodeLibraryPakFileMountedCallback: pending pak file info (ChunkID:-1 Root:root:/ File:E:/programy/EpicGames/UE_4.27/FeaturePacks/TP_2DSideScroller.upack)
[2022.04.20-16.38.54:026][  0]LogPakFile: OnPakFileMounted2Time == 0.000072
[2022.04.20-16.38.54:027][  0]LogPakFile: PakFile PrimaryIndexSize=192
[2022.04.20-16.38.54:027][  0]LogPakFile: PakFile PathHashIndexSize=101
[2022.04.20-16.38.54:027][  0]LogPakFile: PakFile FullDirectoryIndexSize=158
[2022.04.20-16.38.54:027][  0]LogShaderLibrary: Display: ShaderCodeLibraryPakFileMountedCallback: PakFile 'E:/programy/EpicGames/UE_4.27/FeaturePacks/TP_2DSideScrollerBP.upack' (chunk index -1, root 'root:/') mounted
[2022.04.20-16.38.54:027][  0]LogShaderLibrary: Display: ShaderCodeLibraryPakFileMountedCallback: pending pak file info (ChunkID:-1 Root:root:/ File:E:/programy/EpicGames/UE_4.27/FeaturePacks/TP_2DSideScrollerBP.upack)
[2022.04.20-16.38.54:027][  0]LogPakFile: OnPakFileMounted2Time == 0.000059
[2022.04.20-16.38.54:029][  0]LogPakFile: PakFile PrimaryIndexSize=182
[2022.04.20-16.38.54:029][  0]LogPakFile: PakFile PathHashIndexSize=101
[2022.04.20-16.38.54:029][  0]LogPakFile: PakFile FullDirectoryIndexSize=138
[2022.04.20-16.38.54:029][  0]LogShaderLibrary: Display: ShaderCodeLibraryPakFileMountedCallback: PakFile 'E:/programy/EpicGames/UE_4.27/FeaturePacks/TP_Flying.upack' (chunk index -1, root 'root:/') mounted
[2022.04.20-16.38.54:029][  0]LogShaderLibrary: Display: ShaderCodeLibraryPakFileMountedCallback: pending pak file info (ChunkID:-1 Root:root:/ File:E:/programy/EpicGames/UE_4.27/FeaturePacks/TP_Flying.upack)
[2022.04.20-16.38.54:029][  0]LogPakFile: OnPakFileMounted2Time == 0.000060
[2022.04.20-16.38.54:030][  0]LogPakFile: PakFile PrimaryIndexSize=184
[2022.04.20-16.38.54:030][  0]LogPakFile: PakFile PathHashIndexSize=101
[2022.04.20-16.38.54:030][  0]LogPakFile: PakFile FullDirectoryIndexSize=142
[2022.04.20-16.38.54:030][  0]LogShaderLibrary: Display: ShaderCodeLibraryPakFileMountedCallback: PakFile 'E:/programy/EpicGames/UE_4.27/FeaturePacks/TP_FlyingBP.upack' (chunk index -1, root 'root:/') mounted
[2022.04.20-16.38.54:030][  0]LogShaderLibrary: Display: ShaderCodeLibraryPakFileMountedCallback: pending pak file info (ChunkID:-1 Root:root:/ File:E:/programy/EpicGames/UE_4.27/FeaturePacks/TP_FlyingBP.upack)
[2022.04.20-16.38.54:030][  0]LogPakFile: OnPakFileMounted2Time == 0.000058
[2022.04.20-16.38.54:031][  0]LogPakFile: PakFile PrimaryIndexSize=188
[2022.04.20-16.38.54:031][  0]LogPakFile: PakFile PathHashIndexSize=101
[2022.04.20-16.38.54:031][  0]LogPakFile: PakFile FullDirectoryIndexSize=150
[2022.04.20-16.38.54:031][  0]LogShaderLibrary: Display: ShaderCodeLibraryPakFileMountedCallback: PakFile 'E:/programy/EpicGames/UE_4.27/FeaturePacks/TP_HandheldARBP.upack' (chunk index -1, root 'root:/') mounted
[2022.04.20-16.38.54:031][  0]LogShaderLibrary: Display: ShaderCodeLibraryPakFileMountedCallback: pending pak file info (ChunkID:-1 Root:root:/ File:E:/programy/EpicGames/UE_4.27/FeaturePacks/TP_HandheldARBP.upack)
[2022.04.20-16.38.54:031][  0]LogPakFile: OnPakFileMounted2Time == 0.000063
[2022.04.20-16.38.54:033][  0]LogPakFile: PakFile PrimaryIndexSize=182
[2022.04.20-16.38.54:034][  0]LogPakFile: PakFile PathHashIndexSize=101
[2022.04.20-16.38.54:034][  0]LogPakFile: PakFile FullDirectoryIndexSize=138
[2022.04.20-16.38.54:034][  0]LogShaderLibrary: Display: ShaderCodeLibraryPakFileMountedCallback: PakFile 'E:/programy/EpicGames/UE_4.27/FeaturePacks/TP_Puzzle.upack' (chunk index -1, root 'root:/') mounted
[2022.04.20-16.38.54:034][  0]LogShaderLibrary: Display: ShaderCodeLibraryPakFileMountedCallback: pending pak file info (ChunkID:-1 Root:root:/ File:E:/programy/EpicGames/UE_4.27/FeaturePacks/TP_Puzzle.upack)
[2022.04.20-16.38.54:034][  0]LogPakFile: OnPakFileMounted2Time == 0.000083
[2022.04.20-16.38.54:036][  0]LogPakFile: PakFile PrimaryIndexSize=184
[2022.04.20-16.38.54:036][  0]LogPakFile: PakFile PathHashIndexSize=101
[2022.04.20-16.38.54:036][  0]LogPakFile: PakFile FullDirectoryIndexSize=142
[2022.04.20-16.38.54:036][  0]LogShaderLibrary: Display: ShaderCodeLibraryPakFileMountedCallback: PakFile 'E:/programy/EpicGames/UE_4.27/FeaturePacks/TP_PuzzleBP.upack' (chunk index -1, root 'root:/') mounted
[2022.04.20-16.38.54:036][  0]LogShaderLibrary: Display: ShaderCodeLibraryPakFileMountedCallback: pending pak file info (ChunkID:-1 Root:root:/ File:E:/programy/EpicGames/UE_4.27/FeaturePacks/TP_PuzzleBP.upack)
[2022.04.20-16.38.54:036][  0]LogPakFile: OnPakFileMounted2Time == 0.000081
[2022.04.20-16.38.54:038][  0]LogPakFile: PakFile PrimaryIndexSize=183
[2022.04.20-16.38.54:038][  0]LogPakFile: PakFile PathHashIndexSize=101
[2022.04.20-16.38.54:038][  0]LogPakFile: PakFile FullDirectoryIndexSize=140
[2022.04.20-16.38.54:038][  0]LogShaderLibrary: Display: ShaderCodeLibraryPakFileMountedCallback: PakFile 'E:/programy/EpicGames/UE_4.27/FeaturePacks/TP_Rolling.upack' (chunk index -1, root 'root:/') mounted
[2022.04.20-16.38.54:038][  0]LogShaderLibrary: Display: ShaderCodeLibraryPakFileMountedCallback: pending pak file info (ChunkID:-1 Root:root:/ File:E:/programy/EpicGames/UE_4.27/FeaturePacks/TP_Rolling.upack)
[2022.04.20-16.38.54:038][  0]LogPakFile: OnPakFileMounted2Time == 0.000065
[2022.04.20-16.38.54:039][  0]LogPakFile: PakFile PrimaryIndexSize=185
[2022.04.20-16.38.54:039][  0]LogPakFile: PakFile PathHashIndexSize=101
[2022.04.20-16.38.54:039][  0]LogPakFile: PakFile FullDirectoryIndexSize=144
[2022.04.20-16.38.54:039][  0]LogShaderLibrary: Display: ShaderCodeLibraryPakFileMountedCallback: PakFile 'E:/programy/EpicGames/UE_4.27/FeaturePacks/TP_RollingBP.upack' (chunk index -1, root 'root:/') mounted
[2022.04.20-16.38.54:039][  0]LogShaderLibrary: Display: ShaderCodeLibraryPakFileMountedCallback: pending pak file info (ChunkID:-1 Root:root:/ File:E:/programy/EpicGames/UE_4.27/FeaturePacks/TP_RollingBP.upack)
[2022.04.20-16.38.54:039][  0]LogPakFile: OnPakFileMounted2Time == 0.000080
[2022.04.20-16.38.54:041][  0]LogPakFile: PakFile PrimaryIndexSize=188
[2022.04.20-16.38.54:041][  0]LogPakFile: PakFile PathHashIndexSize=101
[2022.04.20-16.38.54:041][  0]LogPakFile: PakFile FullDirectoryIndexSize=150
[2022.04.20-16.38.54:041][  0]LogShaderLibrary: Display: ShaderCodeLibraryPakFileMountedCallback: PakFile 'E:/programy/EpicGames/UE_4.27/FeaturePacks/TP_SideScroller.upack' (chunk index -1, root 'root:/') mounted
[2022.04.20-16.38.54:041][  0]LogShaderLibrary: Display: ShaderCodeLibraryPakFileMountedCallback: pending pak file info (ChunkID:-1 Root:root:/ File:E:/programy/EpicGames/UE_4.27/FeaturePacks/TP_SideScroller.upack)
[2022.04.20-16.38.54:041][  0]LogPakFile: OnPakFileMounted2Time == 0.000060
[2022.04.20-16.38.54:042][  0]LogPakFile: PakFile PrimaryIndexSize=190
[2022.04.20-16.38.54:042][  0]LogPakFile: PakFile PathHashIndexSize=101
[2022.04.20-16.38.54:042][  0]LogPakFile: PakFile FullDirectoryIndexSize=154
[2022.04.20-16.38.54:042][  0]LogShaderLibrary: Display: ShaderCodeLibraryPakFileMountedCallback: PakFile 'E:/programy/EpicGames/UE_4.27/FeaturePacks/TP_SideScrollerBP.upack' (chunk index -1, root 'root:/') mounted
[2022.04.20-16.38.54:042][  0]LogShaderLibrary: Display: ShaderCodeLibraryPakFileMountedCallback: pending pak file info (ChunkID:-1 Root:root:/ File:E:/programy/EpicGames/UE_4.27/FeaturePacks/TP_SideScrollerBP.upack)
[2022.04.20-16.38.54:042][  0]LogPakFile: OnPakFileMounted2Time == 0.000059
[2022.04.20-16.38.54:043][  0]LogPakFile: PakFile PrimaryIndexSize=187
[2022.04.20-16.38.54:043][  0]LogPakFile: PakFile PathHashIndexSize=101
[2022.04.20-16.38.54:043][  0]LogPakFile: PakFile FullDirectoryIndexSize=148
[2022.04.20-16.38.54:043][  0]LogShaderLibrary: Display: ShaderCodeLibraryPakFileMountedCallback: PakFile 'E:/programy/EpicGames/UE_4.27/FeaturePacks/TP_ThirdPerson.upack' (chunk index -1, root 'root:/') mounted
[2022.04.20-16.38.54:043][  0]LogShaderLibrary: Display: ShaderCodeLibraryPakFileMountedCallback: pending pak file info (ChunkID:-1 Root:root:/ File:E:/programy/EpicGames/UE_4.27/FeaturePacks/TP_ThirdPerson.upack)
[2022.04.20-16.38.54:043][  0]LogPakFile: OnPakFileMounted2Time == 0.000058
[2022.04.20-16.38.54:045][  0]LogPakFile: PakFile PrimaryIndexSize=189
[2022.04.20-16.38.54:045][  0]LogPakFile: PakFile PathHashIndexSize=101
[2022.04.20-16.38.54:045][  0]LogPakFile: PakFile FullDirectoryIndexSize=152
[2022.04.20-16.38.54:045][  0]LogShaderLibrary: Display: ShaderCodeLibraryPakFileMountedCallback: PakFile 'E:/programy/EpicGames/UE_4.27/FeaturePacks/TP_ThirdPersonBP.upack' (chunk index -1, root 'root:/') mounted
[2022.04.20-16.38.54:045][  0]LogShaderLibrary: Display: ShaderCodeLibraryPakFileMountedCallback: pending pak file info (ChunkID:-1 Root:root:/ File:E:/programy/EpicGames/UE_4.27/FeaturePacks/TP_ThirdPersonBP.upack)
[2022.04.20-16.38.54:045][  0]LogPakFile: OnPakFileMounted2Time == 0.000081
[2022.04.20-16.38.54:047][  0]LogPakFile: PakFile PrimaryIndexSize=183
[2022.04.20-16.38.54:047][  0]LogPakFile: PakFile PathHashIndexSize=101
[2022.04.20-16.38.54:047][  0]LogPakFile: PakFile FullDirectoryIndexSize=140
[2022.04.20-16.38.54:047][  0]LogShaderLibrary: Display: ShaderCodeLibraryPakFileMountedCallback: PakFile 'E:/programy/EpicGames/UE_4.27/FeaturePacks/TP_TopDown.upack' (chunk index -1, root 'root:/') mounted
[2022.04.20-16.38.54:047][  0]LogShaderLibrary: Display: ShaderCodeLibraryPakFileMountedCallback: pending pak file info (ChunkID:-1 Root:root:/ File:E:/programy/EpicGames/UE_4.27/FeaturePacks/TP_TopDown.upack)
[2022.04.20-16.38.54:047][  0]LogPakFile: OnPakFileMounted2Time == 0.000138
[2022.04.20-16.38.54:049][  0]LogPakFile: PakFile PrimaryIndexSize=185
[2022.04.20-16.38.54:049][  0]LogPakFile: PakFile PathHashIndexSize=101
[2022.04.20-16.38.54:049][  0]LogPakFile: PakFile FullDirectoryIndexSize=144
[2022.04.20-16.38.54:049][  0]LogShaderLibrary: Display: ShaderCodeLibraryPakFileMountedCallback: PakFile 'E:/programy/EpicGames/UE_4.27/FeaturePacks/TP_TopDownBP.upack' (chunk index -1, root 'root:/') mounted
[2022.04.20-16.38.54:049][  0]LogShaderLibrary: Display: ShaderCodeLibraryPakFileMountedCallback: pending pak file info (ChunkID:-1 Root:root:/ File:E:/programy/EpicGames/UE_4.27/FeaturePacks/TP_TopDownBP.upack)
[2022.04.20-16.38.54:049][  0]LogPakFile: OnPakFileMounted2Time == 0.000098
[2022.04.20-16.38.54:051][  0]LogPakFile: PakFile PrimaryIndexSize=185
[2022.04.20-16.38.54:052][  0]LogPakFile: PakFile PathHashIndexSize=101
[2022.04.20-16.38.54:052][  0]LogPakFile: PakFile FullDirectoryIndexSize=144
[2022.04.20-16.38.54:052][  0]LogShaderLibrary: Display: ShaderCodeLibraryPakFileMountedCallback: PakFile 'E:/programy/EpicGames/UE_4.27/FeaturePacks/TP_TwinStick.upack' (chunk index -1, root 'root:/') mounted
[2022.04.20-16.38.54:052][  0]LogShaderLibrary: Display: ShaderCodeLibraryPakFileMountedCallback: pending pak file info (ChunkID:-1 Root:root:/ File:E:/programy/EpicGames/UE_4.27/FeaturePacks/TP_TwinStick.upack)
[2022.04.20-16.38.54:052][  0]LogPakFile: OnPakFileMounted2Time == 0.000101
[2022.04.20-16.38.54:055][  0]LogPakFile: PakFile PrimaryIndexSize=187
[2022.04.20-16.38.54:055][  0]LogPakFile: PakFile PathHashIndexSize=101
[2022.04.20-16.38.54:055][  0]LogPakFile: PakFile FullDirectoryIndexSize=148
[2022.04.20-16.38.54:055][  0]LogShaderLibrary: Display: ShaderCodeLibraryPakFileMountedCallback: PakFile 'E:/programy/EpicGames/UE_4.27/FeaturePacks/TP_TwinStickBP.upack' (chunk index -1, root 'root:/') mounted
[2022.04.20-16.38.54:055][  0]LogShaderLibrary: Display: ShaderCodeLibraryPakFileMountedCallback: pending pak file info (ChunkID:-1 Root:root:/ File:E:/programy/EpicGames/UE_4.27/FeaturePacks/TP_TwinStickBP.upack)
[2022.04.20-16.38.54:055][  0]LogPakFile: OnPakFileMounted2Time == 0.000079
[2022.04.20-16.38.54:057][  0]LogPakFile: PakFile PrimaryIndexSize=183
[2022.04.20-16.38.54:057][  0]LogPakFile: PakFile PathHashIndexSize=101
[2022.04.20-16.38.54:057][  0]LogPakFile: PakFile FullDirectoryIndexSize=140
[2022.04.20-16.38.54:057][  0]LogShaderLibrary: Display: ShaderCodeLibraryPakFileMountedCallback: PakFile 'E:/programy/EpicGames/UE_4.27/FeaturePacks/TP_Vehicle.upack' (chunk index -1, root 'root:/') mounted
[2022.04.20-16.38.54:057][  0]LogShaderLibrary: Display: ShaderCodeLibraryPakFileMountedCallback: pending pak file info (ChunkID:-1 Root:root:/ File:E:/programy/EpicGames/UE_4.27/FeaturePacks/TP_Vehicle.upack)
[2022.04.20-16.38.54:057][  0]LogPakFile: OnPakFileMounted2Time == 0.000068
[2022.04.20-16.38.54:059][  0]LogPakFile: PakFile PrimaryIndexSize=186
[2022.04.20-16.38.54:059][  0]LogPakFile: PakFile PathHashIndexSize=101
[2022.04.20-16.38.54:059][  0]LogPakFile: PakFile FullDirectoryIndexSize=146
[2022.04.20-16.38.54:059][  0]LogShaderLibrary: Display: ShaderCodeLibraryPakFileMountedCallback: PakFile 'E:/programy/EpicGames/UE_4.27/FeaturePacks/TP_VehicleAdv.upack' (chunk index -1, root 'root:/') mounted
[2022.04.20-16.38.54:059][  0]LogShaderLibrary: Display: ShaderCodeLibraryPakFileMountedCallback: pending pak file info (ChunkID:-1 Root:root:/ File:E:/programy/EpicGames/UE_4.27/FeaturePacks/TP_VehicleAdv.upack)
[2022.04.20-16.38.54:059][  0]LogPakFile: OnPakFileMounted2Time == 0.000062
[2022.04.20-16.38.54:060][  0]LogPakFile: PakFile PrimaryIndexSize=188
[2022.04.20-16.38.54:060][  0]LogPakFile: PakFile PathHashIndexSize=101
[2022.04.20-16.38.54:060][  0]LogPakFile: PakFile FullDirectoryIndexSize=150
[2022.04.20-16.38.54:060][  0]LogShaderLibrary: Display: ShaderCodeLibraryPakFileMountedCallback: PakFile 'E:/programy/EpicGames/UE_4.27/FeaturePacks/TP_VehicleAdvBP.upack' (chunk index -1, root 'root:/') mounted
[2022.04.20-16.38.54:060][  0]LogShaderLibrary: Display: ShaderCodeLibraryPakFileMountedCallback: pending pak file info (ChunkID:-1 Root:root:/ File:E:/programy/EpicGames/UE_4.27/FeaturePacks/TP_VehicleAdvBP.upack)
[2022.04.20-16.38.54:060][  0]LogPakFile: OnPakFileMounted2Time == 0.000060
[2022.04.20-16.38.54:062][  0]LogPakFile: PakFile PrimaryIndexSize=185
[2022.04.20-16.38.54:062][  0]LogPakFile: PakFile PathHashIndexSize=101
[2022.04.20-16.38.54:062][  0]LogPakFile: PakFile FullDirectoryIndexSize=144
[2022.04.20-16.38.54:062][  0]LogShaderLibrary: Display: ShaderCodeLibraryPakFileMountedCallback: PakFile 'E:/programy/EpicGames/UE_4.27/FeaturePacks/TP_VehicleBP.upack' (chunk index -1, root 'root:/') mounted
[2022.04.20-16.38.54:062][  0]LogShaderLibrary: Display: ShaderCodeLibraryPakFileMountedCallback: pending pak file info (ChunkID:-1 Root:root:/ File:E:/programy/EpicGames/UE_4.27/FeaturePacks/TP_VehicleBP.upack)
[2022.04.20-16.38.54:062][  0]LogPakFile: OnPakFileMounted2Time == 0.000060
[2022.04.20-16.38.54:063][  0]LogPakFile: PakFile PrimaryIndexSize=192
[2022.04.20-16.38.54:063][  0]LogPakFile: PakFile PathHashIndexSize=101
[2022.04.20-16.38.54:063][  0]LogPakFile: PakFile FullDirectoryIndexSize=158
[2022.04.20-16.38.54:063][  0]LogShaderLibrary: Display: ShaderCodeLibraryPakFileMountedCallback: PakFile 'E:/programy/EpicGames/UE_4.27/FeaturePacks/TP_VirtualRealityBP.upack' (chunk index -1, root 'root:/') mounted
[2022.04.20-16.38.54:063][  0]LogShaderLibrary: Display: ShaderCodeLibraryPakFileMountedCallback: pending pak file info (ChunkID:-1 Root:root:/ File:E:/programy/EpicGames/UE_4.27/FeaturePacks/TP_VirtualRealityBP.upack)
[2022.04.20-16.38.54:063][  0]LogPakFile: OnPakFileMounted2Time == 0.000068
[2022.04.20-16.38.54:229][  0]LogNativeClassHierarchy: Verbose: Native class hierarchy updated for 'AddContentDialog' in 0.0004 seconds. Added 0 classes and 0 folders.
[2022.04.20-16.38.54:250][  0]LogNativeClassHierarchy: Verbose: Native class hierarchy updated for 'SceneOutliner' in 0.0006 seconds. Added 2 classes and 0 folders.
[2022.04.20-16.38.54:302][  0]LogSlate: Took 0.000719 seconds to synchronously load lazily loaded font '../../../Engine/Content/Slate/Fonts/Roboto-Regular.ttf' (155K)
[2022.04.20-16.38.54:304][  0]LogSlate: Took 0.000457 seconds to synchronously load lazily loaded font '../../../Engine/Content/Editor/Slate/Fonts/FontAwesome.ttf' (139K)
[2022.04.20-16.38.54:306][  0]LogSlate: Took 0.000426 seconds to synchronously load lazily loaded font '../../../Engine/Content/Slate/Fonts/Roboto-Bold.ttf' (160K)
[2022.04.20-16.38.54:505][  0]LogRenderer: Reallocating scene render targets to support 1180x472 Format 10 NumSamples 1 (Frame:1).
[2022.04.20-16.38.54:731][  0]LogNativeClassHierarchy: Verbose: Native class hierarchy updated for 'HierarchicalLODOutliner' in 0.0004 seconds. Added 0 classes and 0 folders.
[2022.04.20-16.38.54:731][  0]LogInput: Warning: Action SetDestination uses invalid key OculusGo_Left_Trigger_Click.
[2022.04.20-16.38.54:732][  0]LogInput: Warning: Action ResetVR uses invalid key OculusGo_Left_Back_Click.
[2022.04.20-16.38.54:732][  0]LogInput: Warning: Use -RemoveInvalidKeys to remove instances of these keys from the action mapping.
[2022.04.20-16.38.54:732][  0]LogLoad: (Engine Initialization) Total time: 23.42 seconds
[2022.04.20-16.38.54:732][  0]LogLoad: (Engine Initialization) Total Blueprint compile time: 0.00 seconds
[2022.04.20-16.38.54:802][  0]LogContentStreaming: Texture pool size now 1000 MB
[2022.04.20-16.38.54:889][  1]LogAssetRegistry: Asset discovery search completed in 12.4667 seconds
[2022.04.20-16.38.54:899][  1]LogCollectionManager: Fixed up redirectors for 0 collections in 0.000004 seconds (updated 0 objects)
[2022.04.20-16.38.55:260][  2]LogSlate: Took 0.000407 seconds to synchronously load lazily loaded font '../../../Engine/Content/Slate/Fonts/Roboto-Light.ttf' (167K)
